The system is: Linux - 6.2.0-31-generic - x86_64
Compiling the C compiler identification source file "CMakeCCompilerId.c" succeeded.
Compiler: /usr/bin/cc 
Build flags: 
Id flags:  

The output was:
0


Compilation of the C compiler identification source "CMakeCCompilerId.c" produced "a.out"

The C compiler identification is GNU, found in "/home/ljk/Test/libpcap-1.9.1/build/CMakeFiles/3.22.1/CompilerIdC/a.out"

Compiling the CXX compiler identification source file "CMakeCXXCompilerId.cpp" succeeded.
Compiler: /usr/bin/c++ 
Build flags: 
Id flags:  

The output was:
0


Compilation of the CXX compiler identification source "CMakeCXXCompilerId.cpp" produced "a.out"

The CXX compiler identification is GNU, found in "/home/ljk/Test/libpcap-1.9.1/build/CMakeFiles/3.22.1/CompilerIdCXX/a.out"

Detecting C compiler ABI info compiled with the following output:
Change Dir: /home/ljk/Test/libpcap-1.9.1/build/CMakeFiles/CMakeTmp

Run Build Command(s):/usr/bin/gmake -f Makefile cmTC_06bbb/fast && /usr/bin/gmake  -f CMakeFiles/cmTC_06bbb.dir/build.make CMakeFiles/cmTC_06bbb.dir/build
gmake[1]: Entering directory '/home/ljk/Test/libpcap-1.9.1/build/CMakeFiles/CMakeTmp'
Building C object CMakeFiles/cmTC_06bbb.dir/CMakeCCompilerABI.c.o
/usr/bin/cc   -v -o CMakeFiles/cmTC_06bbb.dir/CMakeCCompilerABI.c.o -c /usr/share/cmake-3.22/Modules/CMakeCCompilerABI.c
Using built-in specs.
COLLECT_GCC=/usr/bin/cc
OFFLOAD_TARGET_NAMES=nvptx-none:amdgcn-amdhsa
OFFLOAD_TARGET_DEFAULT=1
Target: x86_64-linux-gnu
Configured with: ../src/configure -v --with-pkgversion='Ubuntu 11.4.0-1ubuntu1~22.04' --with-bugurl=file:///usr/share/doc/gcc-11/README.Bugs --enable-languages=c,ada,c++,go,brig,d,fortran,objc,obj-c++,m2 --prefix=/usr --with-gcc-major-version-only --program-suffix=-11 --program-prefix=x86_64-linux-gnu- --enable-shared --enable-linker-build-id --libexecdir=/usr/lib --without-included-gettext --enable-threads=posix --libdir=/usr/lib --enable-nls --enable-bootstrap --enable-clocale=gnu --enable-libstdcxx-debug --enable-libstdcxx-time=yes --with-default-libstdcxx-abi=new --enable-gnu-unique-object --disable-vtable-verify --enable-plugin --enable-default-pie --with-system-zlib --enable-libphobos-checking=release --with-target-system-zlib=auto --enable-objc-gc=auto --enable-multiarch --disable-werror --enable-cet --with-arch-32=i686 --with-abi=m64 --with-multilib-list=m32,m64,mx32 --enable-multilib --with-tune=generic --enable-offload-targets=nvptx-none=/build/gcc-11-XeT9lY/gcc-11-11.4.0/debian/tmp-nvptx/usr,amdgcn-amdhsa=/build/gcc-11-XeT9lY/gcc-11-11.4.0/debian/tmp-gcn/usr --without-cuda-driver --enable-checking=release --build=x86_64-linux-gnu --host=x86_64-linux-gnu --target=x86_64-linux-gnu --with-build-config=bootstrap-lto-lean --enable-link-serialization=2
Thread model: posix
Supported LTO compression algorithms: zlib zstd
gcc version 11.4.0 (Ubuntu 11.4.0-1ubuntu1~22.04) 
COLLECT_GCC_OPTIONS='-v' '-o' 'CMakeFiles/cmTC_06bbb.dir/CMakeCCompilerABI.c.o' '-c' '-mtune=generic' '-march=x86-64' '-dumpdir' 'CMakeFiles/cmTC_06bbb.dir/'
 /usr/lib/gcc/x86_64-linux-gnu/11/cc1 -quiet -v -imultiarch x86_64-linux-gnu /usr/share/cmake-3.22/Modules/CMakeCCompilerABI.c -quiet -dumpdir CMakeFiles/cmTC_06bbb.dir/ -dumpbase CMakeCCompilerABI.c.c -dumpbase-ext .c -mtune=generic -march=x86-64 -version -fasynchronous-unwind-tables -fstack-protector-strong -Wformat -Wformat-security -fstack-clash-protection -fcf-protection -o /tmp/cc0lni1s.s
GNU C17 (Ubuntu 11.4.0-1ubuntu1~22.04) version 11.4.0 (x86_64-linux-gnu)
	compiled by GNU C version 11.4.0, GMP version 6.2.1, MPFR version 4.1.0, MPC version 1.2.1, isl version isl-0.24-GMP

GGC heuristics: --param ggc-min-expand=100 --param ggc-min-heapsize=131072
ignoring nonexistent directory "/usr/local/include/x86_64-linux-gnu"
ignoring nonexistent directory "/usr/lib/gcc/x86_64-linux-gnu/11/include-fixed"
ignoring nonexistent directory "/usr/lib/gcc/x86_64-linux-gnu/11/../../../../x86_64-linux-gnu/include"
#include "..." search starts here:
#include <...> search starts here:
 /usr/lib/gcc/x86_64-linux-gnu/11/include
 /usr/local/include
 /usr/include/x86_64-linux-gnu
 /usr/include
End of search list.
GNU C17 (Ubuntu 11.4.0-1ubuntu1~22.04) version 11.4.0 (x86_64-linux-gnu)
	compiled by GNU C version 11.4.0, GMP version 6.2.1, MPFR version 4.1.0, MPC version 1.2.1, isl version isl-0.24-GMP

GGC heuristics: --param ggc-min-expand=100 --param ggc-min-heapsize=131072
Compiler executable checksum: 50eaa2331df977b8016186198deb2d18
COLLECT_GCC_OPTIONS='-v' '-o' 'CMakeFiles/cmTC_06bbb.dir/CMakeCCompilerABI.c.o' '-c' '-mtune=generic' '-march=x86-64' '-dumpdir' 'CMakeFiles/cmTC_06bbb.dir/'
 as -v --64 -o CMakeFiles/cmTC_06bbb.dir/CMakeCCompilerABI.c.o /tmp/cc0lni1s.s
GNU assembler version 2.38 (x86_64-linux-gnu) using BFD version (GNU Binutils for Ubuntu) 2.38
COMPILER_PATH=/usr/lib/gcc/x86_64-linux-gnu/11/:/usr/lib/gcc/x86_64-linux-gnu/11/:/usr/lib/gcc/x86_64-linux-gnu/:/usr/lib/gcc/x86_64-linux-gnu/11/:/usr/lib/gcc/x86_64-linux-gnu/
LIBRARY_PATH=/usr/lib/gcc/x86_64-linux-gnu/11/:/usr/lib/gcc/x86_64-linux-gnu/11/../../../x86_64-linux-gnu/:/usr/lib/gcc/x86_64-linux-gnu/11/../../../../lib/:/lib/x86_64-linux-gnu/:/lib/../lib/:/usr/lib/x86_64-linux-gnu/:/usr/lib/../lib/:/usr/lib/gcc/x86_64-linux-gnu/11/../../../:/lib/:/usr/lib/
COLLECT_GCC_OPTIONS='-v' '-o' 'CMakeFiles/cmTC_06bbb.dir/CMakeCCompilerABI.c.o' '-c' '-mtune=generic' '-march=x86-64' '-dumpdir' 'CMakeFiles/cmTC_06bbb.dir/CMakeCCompilerABI.c.'
Linking C executable cmTC_06bbb
/usr/bin/cmake -E cmake_link_script CMakeFiles/cmTC_06bbb.dir/link.txt --verbose=1
/usr/bin/cc  -v -rdynamic CMakeFiles/cmTC_06bbb.dir/CMakeCCompilerABI.c.o -o cmTC_06bbb 
Using built-in specs.
COLLECT_GCC=/usr/bin/cc
COLLECT_LTO_WRAPPER=/usr/lib/gcc/x86_64-linux-gnu/11/lto-wrapper
OFFLOAD_TARGET_NAMES=nvptx-none:amdgcn-amdhsa
OFFLOAD_TARGET_DEFAULT=1
Target: x86_64-linux-gnu
Configured with: ../src/configure -v --with-pkgversion='Ubuntu 11.4.0-1ubuntu1~22.04' --with-bugurl=file:///usr/share/doc/gcc-11/README.Bugs --enable-languages=c,ada,c++,go,brig,d,fortran,objc,obj-c++,m2 --prefix=/usr --with-gcc-major-version-only --program-suffix=-11 --program-prefix=x86_64-linux-gnu- --enable-shared --enable-linker-build-id --libexecdir=/usr/lib --without-included-gettext --enable-threads=posix --libdir=/usr/lib --enable-nls --enable-bootstrap --enable-clocale=gnu --enable-libstdcxx-debug --enable-libstdcxx-time=yes --with-default-libstdcxx-abi=new --enable-gnu-unique-object --disable-vtable-verify --enable-plugin --enable-default-pie --with-system-zlib --enable-libphobos-checking=release --with-target-system-zlib=auto --enable-objc-gc=auto --enable-multiarch --disable-werror --enable-cet --with-arch-32=i686 --with-abi=m64 --with-multilib-list=m32,m64,mx32 --enable-multilib --with-tune=generic --enable-offload-targets=nvptx-none=/build/gcc-11-XeT9lY/gcc-11-11.4.0/debian/tmp-nvptx/usr,amdgcn-amdhsa=/build/gcc-11-XeT9lY/gcc-11-11.4.0/debian/tmp-gcn/usr --without-cuda-driver --enable-checking=release --build=x86_64-linux-gnu --host=x86_64-linux-gnu --target=x86_64-linux-gnu --with-build-config=bootstrap-lto-lean --enable-link-serialization=2
Thread model: posix
Supported LTO compression algorithms: zlib zstd
gcc version 11.4.0 (Ubuntu 11.4.0-1ubuntu1~22.04) 
COMPILER_PATH=/usr/lib/gcc/x86_64-linux-gnu/11/:/usr/lib/gcc/x86_64-linux-gnu/11/:/usr/lib/gcc/x86_64-linux-gnu/:/usr/lib/gcc/x86_64-linux-gnu/11/:/usr/lib/gcc/x86_64-linux-gnu/
LIBRARY_PATH=/usr/lib/gcc/x86_64-linux-gnu/11/:/usr/lib/gcc/x86_64-linux-gnu/11/../../../x86_64-linux-gnu/:/usr/lib/gcc/x86_64-linux-gnu/11/../../../../lib/:/lib/x86_64-linux-gnu/:/lib/../lib/:/usr/lib/x86_64-linux-gnu/:/usr/lib/../lib/:/usr/lib/gcc/x86_64-linux-gnu/11/../../../:/lib/:/usr/lib/
COLLECT_GCC_OPTIONS='-v' '-rdynamic' '-o' 'cmTC_06bbb' '-mtune=generic' '-march=x86-64' '-dumpdir' 'cmTC_06bbb.'
 /usr/lib/gcc/x86_64-linux-gnu/11/collect2 -plugin /usr/lib/gcc/x86_64-linux-gnu/11/liblto_plugin.so -plugin-opt=/usr/lib/gcc/x86_64-linux-gnu/11/lto-wrapper -plugin-opt=-fresolution=/tmp/cclktqxK.res -plugin-opt=-pass-through=-lgcc -plugin-opt=-pass-through=-lgcc_s -plugin-opt=-pass-through=-lc -plugin-opt=-pass-through=-lgcc -plugin-opt=-pass-through=-lgcc_s --build-id --eh-frame-hdr -m elf_x86_64 --hash-style=gnu --as-needed -export-dynamic -dynamic-linker /lib64/ld-linux-x86-64.so.2 -pie -z now -z relro -o cmTC_06bbb /usr/lib/gcc/x86_64-linux-gnu/11/../../../x86_64-linux-gnu/Scrt1.o /usr/lib/gcc/x86_64-linux-gnu/11/../../../x86_64-linux-gnu/crti.o /usr/lib/gcc/x86_64-linux-gnu/11/crtbeginS.o -L/usr/lib/gcc/x86_64-linux-gnu/11 -L/usr/lib/gcc/x86_64-linux-gnu/11/../../../x86_64-linux-gnu -L/usr/lib/gcc/x86_64-linux-gnu/11/../../../../lib -L/lib/x86_64-linux-gnu -L/lib/../lib -L/usr/lib/x86_64-linux-gnu -L/usr/lib/../lib -L/usr/lib/gcc/x86_64-linux-gnu/11/../../.. CMakeFiles/cmTC_06bbb.dir/CMakeCCompilerABI.c.o -lgcc --push-state --as-needed -lgcc_s --pop-state -lc -lgcc --push-state --as-needed -lgcc_s --pop-state /usr/lib/gcc/x86_64-linux-gnu/11/crtendS.o /usr/lib/gcc/x86_64-linux-gnu/11/../../../x86_64-linux-gnu/crtn.o
COLLECT_GCC_OPTIONS='-v' '-rdynamic' '-o' 'cmTC_06bbb' '-mtune=generic' '-march=x86-64' '-dumpdir' 'cmTC_06bbb.'
gmake[1]: Leaving directory '/home/ljk/Test/libpcap-1.9.1/build/CMakeFiles/CMakeTmp'



Parsed C implicit include dir info from above output: rv=done
  found start of include info
  found start of implicit include info
    add: [/usr/lib/gcc/x86_64-linux-gnu/11/include]
    add: [/usr/local/include]
    add: [/usr/include/x86_64-linux-gnu]
    add: [/usr/include]
  end of search list found
  collapse include dir [/usr/lib/gcc/x86_64-linux-gnu/11/include] ==> [/usr/lib/gcc/x86_64-linux-gnu/11/include]
  collapse include dir [/usr/local/include] ==> [/usr/local/include]
  collapse include dir [/usr/include/x86_64-linux-gnu] ==> [/usr/include/x86_64-linux-gnu]
  collapse include dir [/usr/include] ==> [/usr/include]
  implicit include dirs: [/usr/lib/gcc/x86_64-linux-gnu/11/include;/usr/local/include;/usr/include/x86_64-linux-gnu;/usr/include]


Parsed C implicit link information from above output:
  link line regex: [^( *|.*[/\])(ld|CMAKE_LINK_STARTFILE-NOTFOUND|([^/\]+-)?ld|collect2)[^/\]*( |$)]
  ignore line: [Change Dir: /home/ljk/Test/libpcap-1.9.1/build/CMakeFiles/CMakeTmp]
  ignore line: []
  ignore line: [Run Build Command(s):/usr/bin/gmake -f Makefile cmTC_06bbb/fast && /usr/bin/gmake  -f CMakeFiles/cmTC_06bbb.dir/build.make CMakeFiles/cmTC_06bbb.dir/build]
  ignore line: [gmake[1]: Entering directory '/home/ljk/Test/libpcap-1.9.1/build/CMakeFiles/CMakeTmp']
  ignore line: [Building C object CMakeFiles/cmTC_06bbb.dir/CMakeCCompilerABI.c.o]
  ignore line: [/usr/bin/cc   -v -o CMakeFiles/cmTC_06bbb.dir/CMakeCCompilerABI.c.o -c /usr/share/cmake-3.22/Modules/CMakeCCompilerABI.c]
  ignore line: [Using built-in specs.]
  ignore line: [COLLECT_GCC=/usr/bin/cc]
  ignore line: [OFFLOAD_TARGET_NAMES=nvptx-none:amdgcn-amdhsa]
  ignore line: [OFFLOAD_TARGET_DEFAULT=1]
  ignore line: [Target: x86_64-linux-gnu]
  ignore line: [Configured with: ../src/configure -v --with-pkgversion='Ubuntu 11.4.0-1ubuntu1~22.04' --with-bugurl=file:///usr/share/doc/gcc-11/README.Bugs --enable-languages=c ada c++ go brig d fortran objc obj-c++ m2 --prefix=/usr --with-gcc-major-version-only --program-suffix=-11 --program-prefix=x86_64-linux-gnu- --enable-shared --enable-linker-build-id --libexecdir=/usr/lib --without-included-gettext --enable-threads=posix --libdir=/usr/lib --enable-nls --enable-bootstrap --enable-clocale=gnu --enable-libstdcxx-debug --enable-libstdcxx-time=yes --with-default-libstdcxx-abi=new --enable-gnu-unique-object --disable-vtable-verify --enable-plugin --enable-default-pie --with-system-zlib --enable-libphobos-checking=release --with-target-system-zlib=auto --enable-objc-gc=auto --enable-multiarch --disable-werror --enable-cet --with-arch-32=i686 --with-abi=m64 --with-multilib-list=m32 m64 mx32 --enable-multilib --with-tune=generic --enable-offload-targets=nvptx-none=/build/gcc-11-XeT9lY/gcc-11-11.4.0/debian/tmp-nvptx/usr amdgcn-amdhsa=/build/gcc-11-XeT9lY/gcc-11-11.4.0/debian/tmp-gcn/usr --without-cuda-driver --enable-checking=release --build=x86_64-linux-gnu --host=x86_64-linux-gnu --target=x86_64-linux-gnu --with-build-config=bootstrap-lto-lean --enable-link-serialization=2]
  ignore line: [Thread model: posix]
  ignore line: [Supported LTO compression algorithms: zlib zstd]
  ignore line: [gcc version 11.4.0 (Ubuntu 11.4.0-1ubuntu1~22.04) ]
  ignore line: [COLLECT_GCC_OPTIONS='-v' '-o' 'CMakeFiles/cmTC_06bbb.dir/CMakeCCompilerABI.c.o' '-c' '-mtune=generic' '-march=x86-64' '-dumpdir' 'CMakeFiles/cmTC_06bbb.dir/']
  ignore line: [ /usr/lib/gcc/x86_64-linux-gnu/11/cc1 -quiet -v -imultiarch x86_64-linux-gnu /usr/share/cmake-3.22/Modules/CMakeCCompilerABI.c -quiet -dumpdir CMakeFiles/cmTC_06bbb.dir/ -dumpbase CMakeCCompilerABI.c.c -dumpbase-ext .c -mtune=generic -march=x86-64 -version -fasynchronous-unwind-tables -fstack-protector-strong -Wformat -Wformat-security -fstack-clash-protection -fcf-protection -o /tmp/cc0lni1s.s]
  ignore line: [GNU C17 (Ubuntu 11.4.0-1ubuntu1~22.04) version 11.4.0 (x86_64-linux-gnu)]
  ignore line: [	compiled by GNU C version 11.4.0  GMP version 6.2.1  MPFR version 4.1.0  MPC version 1.2.1  isl version isl-0.24-GMP]
  ignore line: []
  ignore line: [GGC heuristics: --param ggc-min-expand=100 --param ggc-min-heapsize=131072]
  ignore line: [ignoring nonexistent directory "/usr/local/include/x86_64-linux-gnu"]
  ignore line: [ignoring nonexistent directory "/usr/lib/gcc/x86_64-linux-gnu/11/include-fixed"]
  ignore line: [ignoring nonexistent directory "/usr/lib/gcc/x86_64-linux-gnu/11/../../../../x86_64-linux-gnu/include"]
  ignore line: [#include "..." search starts here:]
  ignore line: [#include <...> search starts here:]
  ignore line: [ /usr/lib/gcc/x86_64-linux-gnu/11/include]
  ignore line: [ /usr/local/include]
  ignore line: [ /usr/include/x86_64-linux-gnu]
  ignore line: [ /usr/include]
  ignore line: [End of search list.]
  ignore line: [GNU C17 (Ubuntu 11.4.0-1ubuntu1~22.04) version 11.4.0 (x86_64-linux-gnu)]
  ignore line: [	compiled by GNU C version 11.4.0  GMP version 6.2.1  MPFR version 4.1.0  MPC version 1.2.1  isl version isl-0.24-GMP]
  ignore line: []
  ignore line: [GGC heuristics: --param ggc-min-expand=100 --param ggc-min-heapsize=131072]
  ignore line: [Compiler executable checksum: 50eaa2331df977b8016186198deb2d18]
  ignore line: [COLLECT_GCC_OPTIONS='-v' '-o' 'CMakeFiles/cmTC_06bbb.dir/CMakeCCompilerABI.c.o' '-c' '-mtune=generic' '-march=x86-64' '-dumpdir' 'CMakeFiles/cmTC_06bbb.dir/']
  ignore line: [ as -v --64 -o CMakeFiles/cmTC_06bbb.dir/CMakeCCompilerABI.c.o /tmp/cc0lni1s.s]
  ignore line: [GNU assembler version 2.38 (x86_64-linux-gnu) using BFD version (GNU Binutils for Ubuntu) 2.38]
  ignore line: [COMPILER_PATH=/usr/lib/gcc/x86_64-linux-gnu/11/:/usr/lib/gcc/x86_64-linux-gnu/11/:/usr/lib/gcc/x86_64-linux-gnu/:/usr/lib/gcc/x86_64-linux-gnu/11/:/usr/lib/gcc/x86_64-linux-gnu/]
  ignore line: [LIBRARY_PATH=/usr/lib/gcc/x86_64-linux-gnu/11/:/usr/lib/gcc/x86_64-linux-gnu/11/../../../x86_64-linux-gnu/:/usr/lib/gcc/x86_64-linux-gnu/11/../../../../lib/:/lib/x86_64-linux-gnu/:/lib/../lib/:/usr/lib/x86_64-linux-gnu/:/usr/lib/../lib/:/usr/lib/gcc/x86_64-linux-gnu/11/../../../:/lib/:/usr/lib/]
  ignore line: [COLLECT_GCC_OPTIONS='-v' '-o' 'CMakeFiles/cmTC_06bbb.dir/CMakeCCompilerABI.c.o' '-c' '-mtune=generic' '-march=x86-64' '-dumpdir' 'CMakeFiles/cmTC_06bbb.dir/CMakeCCompilerABI.c.']
  ignore line: [Linking C executable cmTC_06bbb]
  ignore line: [/usr/bin/cmake -E cmake_link_script CMakeFiles/cmTC_06bbb.dir/link.txt --verbose=1]
  ignore line: [/usr/bin/cc  -v -rdynamic CMakeFiles/cmTC_06bbb.dir/CMakeCCompilerABI.c.o -o cmTC_06bbb ]
  ignore line: [Using built-in specs.]
  ignore line: [COLLECT_GCC=/usr/bin/cc]
  ignore line: [COLLECT_LTO_WRAPPER=/usr/lib/gcc/x86_64-linux-gnu/11/lto-wrapper]
  ignore line: [OFFLOAD_TARGET_NAMES=nvptx-none:amdgcn-amdhsa]
  ignore line: [OFFLOAD_TARGET_DEFAULT=1]
  ignore line: [Target: x86_64-linux-gnu]
  ignore line: [Configured with: ../src/configure -v --with-pkgversion='Ubuntu 11.4.0-1ubuntu1~22.04' --with-bugurl=file:///usr/share/doc/gcc-11/README.Bugs --enable-languages=c ada c++ go brig d fortran objc obj-c++ m2 --prefix=/usr --with-gcc-major-version-only --program-suffix=-11 --program-prefix=x86_64-linux-gnu- --enable-shared --enable-linker-build-id --libexecdir=/usr/lib --without-included-gettext --enable-threads=posix --libdir=/usr/lib --enable-nls --enable-bootstrap --enable-clocale=gnu --enable-libstdcxx-debug --enable-libstdcxx-time=yes --with-default-libstdcxx-abi=new --enable-gnu-unique-object --disable-vtable-verify --enable-plugin --enable-default-pie --with-system-zlib --enable-libphobos-checking=release --with-target-system-zlib=auto --enable-objc-gc=auto --enable-multiarch --disable-werror --enable-cet --with-arch-32=i686 --with-abi=m64 --with-multilib-list=m32 m64 mx32 --enable-multilib --with-tune=generic --enable-offload-targets=nvptx-none=/build/gcc-11-XeT9lY/gcc-11-11.4.0/debian/tmp-nvptx/usr amdgcn-amdhsa=/build/gcc-11-XeT9lY/gcc-11-11.4.0/debian/tmp-gcn/usr --without-cuda-driver --enable-checking=release --build=x86_64-linux-gnu --host=x86_64-linux-gnu --target=x86_64-linux-gnu --with-build-config=bootstrap-lto-lean --enable-link-serialization=2]
  ignore line: [Thread model: posix]
  ignore line: [Supported LTO compression algorithms: zlib zstd]
  ignore line: [gcc version 11.4.0 (Ubuntu 11.4.0-1ubuntu1~22.04) ]
  ignore line: [COMPILER_PATH=/usr/lib/gcc/x86_64-linux-gnu/11/:/usr/lib/gcc/x86_64-linux-gnu/11/:/usr/lib/gcc/x86_64-linux-gnu/:/usr/lib/gcc/x86_64-linux-gnu/11/:/usr/lib/gcc/x86_64-linux-gnu/]
  ignore line: [LIBRARY_PATH=/usr/lib/gcc/x86_64-linux-gnu/11/:/usr/lib/gcc/x86_64-linux-gnu/11/../../../x86_64-linux-gnu/:/usr/lib/gcc/x86_64-linux-gnu/11/../../../../lib/:/lib/x86_64-linux-gnu/:/lib/../lib/:/usr/lib/x86_64-linux-gnu/:/usr/lib/../lib/:/usr/lib/gcc/x86_64-linux-gnu/11/../../../:/lib/:/usr/lib/]
  ignore line: [COLLECT_GCC_OPTIONS='-v' '-rdynamic' '-o' 'cmTC_06bbb' '-mtune=generic' '-march=x86-64' '-dumpdir' 'cmTC_06bbb.']
  link line: [ /usr/lib/gcc/x86_64-linux-gnu/11/collect2 -plugin /usr/lib/gcc/x86_64-linux-gnu/11/liblto_plugin.so -plugin-opt=/usr/lib/gcc/x86_64-linux-gnu/11/lto-wrapper -plugin-opt=-fresolution=/tmp/cclktqxK.res -plugin-opt=-pass-through=-lgcc -plugin-opt=-pass-through=-lgcc_s -plugin-opt=-pass-through=-lc -plugin-opt=-pass-through=-lgcc -plugin-opt=-pass-through=-lgcc_s --build-id --eh-frame-hdr -m elf_x86_64 --hash-style=gnu --as-needed -export-dynamic -dynamic-linker /lib64/ld-linux-x86-64.so.2 -pie -z now -z relro -o cmTC_06bbb /usr/lib/gcc/x86_64-linux-gnu/11/../../../x86_64-linux-gnu/Scrt1.o /usr/lib/gcc/x86_64-linux-gnu/11/../../../x86_64-linux-gnu/crti.o /usr/lib/gcc/x86_64-linux-gnu/11/crtbeginS.o -L/usr/lib/gcc/x86_64-linux-gnu/11 -L/usr/lib/gcc/x86_64-linux-gnu/11/../../../x86_64-linux-gnu -L/usr/lib/gcc/x86_64-linux-gnu/11/../../../../lib -L/lib/x86_64-linux-gnu -L/lib/../lib -L/usr/lib/x86_64-linux-gnu -L/usr/lib/../lib -L/usr/lib/gcc/x86_64-linux-gnu/11/../../.. CMakeFiles/cmTC_06bbb.dir/CMakeCCompilerABI.c.o -lgcc --push-state --as-needed -lgcc_s --pop-state -lc -lgcc --push-state --as-needed -lgcc_s --pop-state /usr/lib/gcc/x86_64-linux-gnu/11/crtendS.o /usr/lib/gcc/x86_64-linux-gnu/11/../../../x86_64-linux-gnu/crtn.o]
    arg [/usr/lib/gcc/x86_64-linux-gnu/11/collect2] ==> ignore
    arg [-plugin] ==> ignore
    arg [/usr/lib/gcc/x86_64-linux-gnu/11/liblto_plugin.so] ==> ignore
    arg [-plugin-opt=/usr/lib/gcc/x86_64-linux-gnu/11/lto-wrapper] ==> ignore
    arg [-plugin-opt=-fresolution=/tmp/cclktqxK.res] ==> ignore
    arg [-plugin-opt=-pass-through=-lgcc] ==> ignore
    arg [-plugin-opt=-pass-through=-lgcc_s] ==> ignore
    arg [-plugin-opt=-pass-through=-lc] ==> ignore
    arg [-plugin-opt=-pass-through=-lgcc] ==> ignore
    arg [-plugin-opt=-pass-through=-lgcc_s] ==> ignore
    arg [--build-id] ==> ignore
    arg [--eh-frame-hdr] ==> ignore
    arg [-m] ==> ignore
    arg [elf_x86_64] ==> ignore
    arg [--hash-style=gnu] ==> ignore
    arg [--as-needed] ==> ignore
    arg [-export-dynamic] ==> ignore
    arg [-dynamic-linker] ==> ignore
    arg [/lib64/ld-linux-x86-64.so.2] ==> ignore
    arg [-pie] ==> ignore
    arg [-znow] ==> ignore
    arg [-zrelro] ==> ignore
    arg [-o] ==> ignore
    arg [cmTC_06bbb] ==> ignore
    arg [/usr/lib/gcc/x86_64-linux-gnu/11/../../../x86_64-linux-gnu/Scrt1.o] ==> obj [/usr/lib/gcc/x86_64-linux-gnu/11/../../../x86_64-linux-gnu/Scrt1.o]
    arg [/usr/lib/gcc/x86_64-linux-gnu/11/../../../x86_64-linux-gnu/crti.o] ==> obj [/usr/lib/gcc/x86_64-linux-gnu/11/../../../x86_64-linux-gnu/crti.o]
    arg [/usr/lib/gcc/x86_64-linux-gnu/11/crtbeginS.o] ==> obj [/usr/lib/gcc/x86_64-linux-gnu/11/crtbeginS.o]
    arg [-L/usr/lib/gcc/x86_64-linux-gnu/11] ==> dir [/usr/lib/gcc/x86_64-linux-gnu/11]
    arg [-L/usr/lib/gcc/x86_64-linux-gnu/11/../../../x86_64-linux-gnu] ==> dir [/usr/lib/gcc/x86_64-linux-gnu/11/../../../x86_64-linux-gnu]
    arg [-L/usr/lib/gcc/x86_64-linux-gnu/11/../../../../lib] ==> dir [/usr/lib/gcc/x86_64-linux-gnu/11/../../../../lib]
    arg [-L/lib/x86_64-linux-gnu] ==> dir [/lib/x86_64-linux-gnu]
    arg [-L/lib/../lib] ==> dir [/lib/../lib]
    arg [-L/usr/lib/x86_64-linux-gnu] ==> dir [/usr/lib/x86_64-linux-gnu]
    arg [-L/usr/lib/../lib] ==> dir [/usr/lib/../lib]
    arg [-L/usr/lib/gcc/x86_64-linux-gnu/11/../../..] ==> dir [/usr/lib/gcc/x86_64-linux-gnu/11/../../..]
    arg [CMakeFiles/cmTC_06bbb.dir/CMakeCCompilerABI.c.o] ==> ignore
    arg [-lgcc] ==> lib [gcc]
    arg [--push-state] ==> ignore
    arg [--as-needed] ==> ignore
    arg [-lgcc_s] ==> lib [gcc_s]
    arg [--pop-state] ==> ignore
    arg [-lc] ==> lib [c]
    arg [-lgcc] ==> lib [gcc]
    arg [--push-state] ==> ignore
    arg [--as-needed] ==> ignore
    arg [-lgcc_s] ==> lib [gcc_s]
    arg [--pop-state] ==> ignore
    arg [/usr/lib/gcc/x86_64-linux-gnu/11/crtendS.o] ==> obj [/usr/lib/gcc/x86_64-linux-gnu/11/crtendS.o]
    arg [/usr/lib/gcc/x86_64-linux-gnu/11/../../../x86_64-linux-gnu/crtn.o] ==> obj [/usr/lib/gcc/x86_64-linux-gnu/11/../../../x86_64-linux-gnu/crtn.o]
  collapse obj [/usr/lib/gcc/x86_64-linux-gnu/11/../../../x86_64-linux-gnu/Scrt1.o] ==> [/usr/lib/x86_64-linux-gnu/Scrt1.o]
  collapse obj [/usr/lib/gcc/x86_64-linux-gnu/11/../../../x86_64-linux-gnu/crti.o] ==> [/usr/lib/x86_64-linux-gnu/crti.o]
  collapse obj [/usr/lib/gcc/x86_64-linux-gnu/11/../../../x86_64-linux-gnu/crtn.o] ==> [/usr/lib/x86_64-linux-gnu/crtn.o]
  collapse library dir [/usr/lib/gcc/x86_64-linux-gnu/11] ==> [/usr/lib/gcc/x86_64-linux-gnu/11]
  collapse library dir [/usr/lib/gcc/x86_64-linux-gnu/11/../../../x86_64-linux-gnu] ==> [/usr/lib/x86_64-linux-gnu]
  collapse library dir [/usr/lib/gcc/x86_64-linux-gnu/11/../../../../lib] ==> [/usr/lib]
  collapse library dir [/lib/x86_64-linux-gnu] ==> [/lib/x86_64-linux-gnu]
  collapse library dir [/lib/../lib] ==> [/lib]
  collapse library dir [/usr/lib/x86_64-linux-gnu] ==> [/usr/lib/x86_64-linux-gnu]
  collapse library dir [/usr/lib/../lib] ==> [/usr/lib]
  collapse library dir [/usr/lib/gcc/x86_64-linux-gnu/11/../../..] ==> [/usr/lib]
  implicit libs: [gcc;gcc_s;c;gcc;gcc_s]
  implicit objs: [/usr/lib/x86_64-linux-gnu/Scrt1.o;/usr/lib/x86_64-linux-gnu/crti.o;/usr/lib/gcc/x86_64-linux-gnu/11/crtbeginS.o;/usr/lib/gcc/x86_64-linux-gnu/11/crtendS.o;/usr/lib/x86_64-linux-gnu/crtn.o]
  implicit dirs: [/usr/lib/gcc/x86_64-linux-gnu/11;/usr/lib/x86_64-linux-gnu;/usr/lib;/lib/x86_64-linux-gnu;/lib]
  implicit fwks: []


Detecting CXX compiler ABI info compiled with the following output:
Change Dir: /home/ljk/Test/libpcap-1.9.1/build/CMakeFiles/CMakeTmp

Run Build Command(s):/usr/bin/gmake -f Makefile cmTC_b697c/fast && /usr/bin/gmake  -f CMakeFiles/cmTC_b697c.dir/build.make CMakeFiles/cmTC_b697c.dir/build
gmake[1]: Entering directory '/home/ljk/Test/libpcap-1.9.1/build/CMakeFiles/CMakeTmp'
Building CXX object CMakeFiles/cmTC_b697c.dir/CMakeCXXCompilerABI.cpp.o
/usr/bin/c++   -v -o CMakeFiles/cmTC_b697c.dir/CMakeCXXCompilerABI.cpp.o -c /usr/share/cmake-3.22/Modules/CMakeCXXCompilerABI.cpp
Using built-in specs.
COLLECT_GCC=/usr/bin/c++
OFFLOAD_TARGET_NAMES=nvptx-none:amdgcn-amdhsa
OFFLOAD_TARGET_DEFAULT=1
Target: x86_64-linux-gnu
Configured with: ../src/configure -v --with-pkgversion='Ubuntu 11.4.0-1ubuntu1~22.04' --with-bugurl=file:///usr/share/doc/gcc-11/README.Bugs --enable-languages=c,ada,c++,go,brig,d,fortran,objc,obj-c++,m2 --prefix=/usr --with-gcc-major-version-only --program-suffix=-11 --program-prefix=x86_64-linux-gnu- --enable-shared --enable-linker-build-id --libexecdir=/usr/lib --without-included-gettext --enable-threads=posix --libdir=/usr/lib --enable-nls --enable-bootstrap --enable-clocale=gnu --enable-libstdcxx-debug --enable-libstdcxx-time=yes --with-default-libstdcxx-abi=new --enable-gnu-unique-object --disable-vtable-verify --enable-plugin --enable-default-pie --with-system-zlib --enable-libphobos-checking=release --with-target-system-zlib=auto --enable-objc-gc=auto --enable-multiarch --disable-werror --enable-cet --with-arch-32=i686 --with-abi=m64 --with-multilib-list=m32,m64,mx32 --enable-multilib --with-tune=generic --enable-offload-targets=nvptx-none=/build/gcc-11-XeT9lY/gcc-11-11.4.0/debian/tmp-nvptx/usr,amdgcn-amdhsa=/build/gcc-11-XeT9lY/gcc-11-11.4.0/debian/tmp-gcn/usr --without-cuda-driver --enable-checking=release --build=x86_64-linux-gnu --host=x86_64-linux-gnu --target=x86_64-linux-gnu --with-build-config=bootstrap-lto-lean --enable-link-serialization=2
Thread model: posix
Supported LTO compression algorithms: zlib zstd
gcc version 11.4.0 (Ubuntu 11.4.0-1ubuntu1~22.04) 
COLLECT_GCC_OPTIONS='-v' '-o' 'CMakeFiles/cmTC_b697c.dir/CMakeCXXCompilerABI.cpp.o' '-c' '-shared-libgcc' '-mtune=generic' '-march=x86-64' '-dumpdir' 'CMakeFiles/cmTC_b697c.dir/'
 /usr/lib/gcc/x86_64-linux-gnu/11/cc1plus -quiet -v -imultiarch x86_64-linux-gnu -D_GNU_SOURCE /usr/share/cmake-3.22/Modules/CMakeCXXCompilerABI.cpp -quiet -dumpdir CMakeFiles/cmTC_b697c.dir/ -dumpbase CMakeCXXCompilerABI.cpp.cpp -dumpbase-ext .cpp -mtune=generic -march=x86-64 -version -fasynchronous-unwind-tables -fstack-protector-strong -Wformat -Wformat-security -fstack-clash-protection -fcf-protection -o /tmp/ccb29zpS.s
GNU C++17 (Ubuntu 11.4.0-1ubuntu1~22.04) version 11.4.0 (x86_64-linux-gnu)
	compiled by GNU C version 11.4.0, GMP version 6.2.1, MPFR version 4.1.0, MPC version 1.2.1, isl version isl-0.24-GMP

GGC heuristics: --param ggc-min-expand=100 --param ggc-min-heapsize=131072
ignoring duplicate directory "/usr/include/x86_64-linux-gnu/c++/11"
ignoring nonexistent directory "/usr/local/include/x86_64-linux-gnu"
ignoring nonexistent directory "/usr/lib/gcc/x86_64-linux-gnu/11/include-fixed"
ignoring nonexistent directory "/usr/lib/gcc/x86_64-linux-gnu/11/../../../../x86_64-linux-gnu/include"
#include "..." search starts here:
#include <...> search starts here:
 /usr/include/c++/11
 /usr/include/x86_64-linux-gnu/c++/11
 /usr/include/c++/11/backward
 /usr/lib/gcc/x86_64-linux-gnu/11/include
 /usr/local/include
 /usr/include/x86_64-linux-gnu
 /usr/include
End of search list.
GNU C++17 (Ubuntu 11.4.0-1ubuntu1~22.04) version 11.4.0 (x86_64-linux-gnu)
	compiled by GNU C version 11.4.0, GMP version 6.2.1, MPFR version 4.1.0, MPC version 1.2.1, isl version isl-0.24-GMP

GGC heuristics: --param ggc-min-expand=100 --param ggc-min-heapsize=131072
Compiler executable checksum: d591828bb4d392ae8b7b160e5bb0b95f
COLLECT_GCC_OPTIONS='-v' '-o' 'CMakeFiles/cmTC_b697c.dir/CMakeCXXCompilerABI.cpp.o' '-c' '-shared-libgcc' '-mtune=generic' '-march=x86-64' '-dumpdir' 'CMakeFiles/cmTC_b697c.dir/'
 as -v --64 -o CMakeFiles/cmTC_b697c.dir/CMakeCXXCompilerABI.cpp.o /tmp/ccb29zpS.s
GNU assembler version 2.38 (x86_64-linux-gnu) using BFD version (GNU Binutils for Ubuntu) 2.38
COMPILER_PATH=/usr/lib/gcc/x86_64-linux-gnu/11/:/usr/lib/gcc/x86_64-linux-gnu/11/:/usr/lib/gcc/x86_64-linux-gnu/:/usr/lib/gcc/x86_64-linux-gnu/11/:/usr/lib/gcc/x86_64-linux-gnu/
LIBRARY_PATH=/usr/lib/gcc/x86_64-linux-gnu/11/:/usr/lib/gcc/x86_64-linux-gnu/11/../../../x86_64-linux-gnu/:/usr/lib/gcc/x86_64-linux-gnu/11/../../../../lib/:/lib/x86_64-linux-gnu/:/lib/../lib/:/usr/lib/x86_64-linux-gnu/:/usr/lib/../lib/:/usr/lib/gcc/x86_64-linux-gnu/11/../../../:/lib/:/usr/lib/
COLLECT_GCC_OPTIONS='-v' '-o' 'CMakeFiles/cmTC_b697c.dir/CMakeCXXCompilerABI.cpp.o' '-c' '-shared-libgcc' '-mtune=generic' '-march=x86-64' '-dumpdir' 'CMakeFiles/cmTC_b697c.dir/CMakeCXXCompilerABI.cpp.'
Linking CXX executable cmTC_b697c
/usr/bin/cmake -E cmake_link_script CMakeFiles/cmTC_b697c.dir/link.txt --verbose=1
/usr/bin/c++  -v -rdynamic CMakeFiles/cmTC_b697c.dir/CMakeCXXCompilerABI.cpp.o -o cmTC_b697c 
Using built-in specs.
COLLECT_GCC=/usr/bin/c++
COLLECT_LTO_WRAPPER=/usr/lib/gcc/x86_64-linux-gnu/11/lto-wrapper
OFFLOAD_TARGET_NAMES=nvptx-none:amdgcn-amdhsa
OFFLOAD_TARGET_DEFAULT=1
Target: x86_64-linux-gnu
Configured with: ../src/configure -v --with-pkgversion='Ubuntu 11.4.0-1ubuntu1~22.04' --with-bugurl=file:///usr/share/doc/gcc-11/README.Bugs --enable-languages=c,ada,c++,go,brig,d,fortran,objc,obj-c++,m2 --prefix=/usr --with-gcc-major-version-only --program-suffix=-11 --program-prefix=x86_64-linux-gnu- --enable-shared --enable-linker-build-id --libexecdir=/usr/lib --without-included-gettext --enable-threads=posix --libdir=/usr/lib --enable-nls --enable-bootstrap --enable-clocale=gnu --enable-libstdcxx-debug --enable-libstdcxx-time=yes --with-default-libstdcxx-abi=new --enable-gnu-unique-object --disable-vtable-verify --enable-plugin --enable-default-pie --with-system-zlib --enable-libphobos-checking=release --with-target-system-zlib=auto --enable-objc-gc=auto --enable-multiarch --disable-werror --enable-cet --with-arch-32=i686 --with-abi=m64 --with-multilib-list=m32,m64,mx32 --enable-multilib --with-tune=generic --enable-offload-targets=nvptx-none=/build/gcc-11-XeT9lY/gcc-11-11.4.0/debian/tmp-nvptx/usr,amdgcn-amdhsa=/build/gcc-11-XeT9lY/gcc-11-11.4.0/debian/tmp-gcn/usr --without-cuda-driver --enable-checking=release --build=x86_64-linux-gnu --host=x86_64-linux-gnu --target=x86_64-linux-gnu --with-build-config=bootstrap-lto-lean --enable-link-serialization=2
Thread model: posix
Supported LTO compression algorithms: zlib zstd
gcc version 11.4.0 (Ubuntu 11.4.0-1ubuntu1~22.04) 
COMPILER_PATH=/usr/lib/gcc/x86_64-linux-gnu/11/:/usr/lib/gcc/x86_64-linux-gnu/11/:/usr/lib/gcc/x86_64-linux-gnu/:/usr/lib/gcc/x86_64-linux-gnu/11/:/usr/lib/gcc/x86_64-linux-gnu/
LIBRARY_PATH=/usr/lib/gcc/x86_64-linux-gnu/11/:/usr/lib/gcc/x86_64-linux-gnu/11/../../../x86_64-linux-gnu/:/usr/lib/gcc/x86_64-linux-gnu/11/../../../../lib/:/lib/x86_64-linux-gnu/:/lib/../lib/:/usr/lib/x86_64-linux-gnu/:/usr/lib/../lib/:/usr/lib/gcc/x86_64-linux-gnu/11/../../../:/lib/:/usr/lib/
COLLECT_GCC_OPTIONS='-v' '-rdynamic' '-o' 'cmTC_b697c' '-shared-libgcc' '-mtune=generic' '-march=x86-64' '-dumpdir' 'cmTC_b697c.'
 /usr/lib/gcc/x86_64-linux-gnu/11/collect2 -plugin /usr/lib/gcc/x86_64-linux-gnu/11/liblto_plugin.so -plugin-opt=/usr/lib/gcc/x86_64-linux-gnu/11/lto-wrapper -plugin-opt=-fresolution=/tmp/cce6iQzN.res -plugin-opt=-pass-through=-lgcc_s -plugin-opt=-pass-through=-lgcc -plugin-opt=-pass-through=-lc -plugin-opt=-pass-through=-lgcc_s -plugin-opt=-pass-through=-lgcc --build-id --eh-frame-hdr -m elf_x86_64 --hash-style=gnu --as-needed -export-dynamic -dynamic-linker /lib64/ld-linux-x86-64.so.2 -pie -z now -z relro -o cmTC_b697c /usr/lib/gcc/x86_64-linux-gnu/11/../../../x86_64-linux-gnu/Scrt1.o /usr/lib/gcc/x86_64-linux-gnu/11/../../../x86_64-linux-gnu/crti.o /usr/lib/gcc/x86_64-linux-gnu/11/crtbeginS.o -L/usr/lib/gcc/x86_64-linux-gnu/11 -L/usr/lib/gcc/x86_64-linux-gnu/11/../../../x86_64-linux-gnu -L/usr/lib/gcc/x86_64-linux-gnu/11/../../../../lib -L/lib/x86_64-linux-gnu -L/lib/../lib -L/usr/lib/x86_64-linux-gnu -L/usr/lib/../lib -L/usr/lib/gcc/x86_64-linux-gnu/11/../../.. CMakeFiles/cmTC_b697c.dir/CMakeCXXCompilerABI.cpp.o -lstdc++ -lm -lgcc_s -lgcc -lc -lgcc_s -lgcc /usr/lib/gcc/x86_64-linux-gnu/11/crtendS.o /usr/lib/gcc/x86_64-linux-gnu/11/../../../x86_64-linux-gnu/crtn.o
COLLECT_GCC_OPTIONS='-v' '-rdynamic' '-o' 'cmTC_b697c' '-shared-libgcc' '-mtune=generic' '-march=x86-64' '-dumpdir' 'cmTC_b697c.'
gmake[1]: Leaving directory '/home/ljk/Test/libpcap-1.9.1/build/CMakeFiles/CMakeTmp'



Parsed CXX implicit include dir info from above output: rv=done
  found start of include info
  found start of implicit include info
    add: [/usr/include/c++/11]
    add: [/usr/include/x86_64-linux-gnu/c++/11]
    add: [/usr/include/c++/11/backward]
    add: [/usr/lib/gcc/x86_64-linux-gnu/11/include]
    add: [/usr/local/include]
    add: [/usr/include/x86_64-linux-gnu]
    add: [/usr/include]
  end of search list found
  collapse include dir [/usr/include/c++/11] ==> [/usr/include/c++/11]
  collapse include dir [/usr/include/x86_64-linux-gnu/c++/11] ==> [/usr/include/x86_64-linux-gnu/c++/11]
  collapse include dir [/usr/include/c++/11/backward] ==> [/usr/include/c++/11/backward]
  collapse include dir [/usr/lib/gcc/x86_64-linux-gnu/11/include] ==> [/usr/lib/gcc/x86_64-linux-gnu/11/include]
  collapse include dir [/usr/local/include] ==> [/usr/local/include]
  collapse include dir [/usr/include/x86_64-linux-gnu] ==> [/usr/include/x86_64-linux-gnu]
  collapse include dir [/usr/include] ==> [/usr/include]
  implicit include dirs: [/usr/include/c++/11;/usr/include/x86_64-linux-gnu/c++/11;/usr/include/c++/11/backward;/usr/lib/gcc/x86_64-linux-gnu/11/include;/usr/local/include;/usr/include/x86_64-linux-gnu;/usr/include]


Parsed CXX implicit link information from above output:
  link line regex: [^( *|.*[/\])(ld|CMAKE_LINK_STARTFILE-NOTFOUND|([^/\]+-)?ld|collect2)[^/\]*( |$)]
  ignore line: [Change Dir: /home/ljk/Test/libpcap-1.9.1/build/CMakeFiles/CMakeTmp]
  ignore line: []
  ignore line: [Run Build Command(s):/usr/bin/gmake -f Makefile cmTC_b697c/fast && /usr/bin/gmake  -f CMakeFiles/cmTC_b697c.dir/build.make CMakeFiles/cmTC_b697c.dir/build]
  ignore line: [gmake[1]: Entering directory '/home/ljk/Test/libpcap-1.9.1/build/CMakeFiles/CMakeTmp']
  ignore line: [Building CXX object CMakeFiles/cmTC_b697c.dir/CMakeCXXCompilerABI.cpp.o]
  ignore line: [/usr/bin/c++   -v -o CMakeFiles/cmTC_b697c.dir/CMakeCXXCompilerABI.cpp.o -c /usr/share/cmake-3.22/Modules/CMakeCXXCompilerABI.cpp]
  ignore line: [Using built-in specs.]
  ignore line: [COLLECT_GCC=/usr/bin/c++]
  ignore line: [OFFLOAD_TARGET_NAMES=nvptx-none:amdgcn-amdhsa]
  ignore line: [OFFLOAD_TARGET_DEFAULT=1]
  ignore line: [Target: x86_64-linux-gnu]
  ignore line: [Configured with: ../src/configure -v --with-pkgversion='Ubuntu 11.4.0-1ubuntu1~22.04' --with-bugurl=file:///usr/share/doc/gcc-11/README.Bugs --enable-languages=c ada c++ go brig d fortran objc obj-c++ m2 --prefix=/usr --with-gcc-major-version-only --program-suffix=-11 --program-prefix=x86_64-linux-gnu- --enable-shared --enable-linker-build-id --libexecdir=/usr/lib --without-included-gettext --enable-threads=posix --libdir=/usr/lib --enable-nls --enable-bootstrap --enable-clocale=gnu --enable-libstdcxx-debug --enable-libstdcxx-time=yes --with-default-libstdcxx-abi=new --enable-gnu-unique-object --disable-vtable-verify --enable-plugin --enable-default-pie --with-system-zlib --enable-libphobos-checking=release --with-target-system-zlib=auto --enable-objc-gc=auto --enable-multiarch --disable-werror --enable-cet --with-arch-32=i686 --with-abi=m64 --with-multilib-list=m32 m64 mx32 --enable-multilib --with-tune=generic --enable-offload-targets=nvptx-none=/build/gcc-11-XeT9lY/gcc-11-11.4.0/debian/tmp-nvptx/usr amdgcn-amdhsa=/build/gcc-11-XeT9lY/gcc-11-11.4.0/debian/tmp-gcn/usr --without-cuda-driver --enable-checking=release --build=x86_64-linux-gnu --host=x86_64-linux-gnu --target=x86_64-linux-gnu --with-build-config=bootstrap-lto-lean --enable-link-serialization=2]
  ignore line: [Thread model: posix]
  ignore line: [Supported LTO compression algorithms: zlib zstd]
  ignore line: [gcc version 11.4.0 (Ubuntu 11.4.0-1ubuntu1~22.04) ]
  ignore line: [COLLECT_GCC_OPTIONS='-v' '-o' 'CMakeFiles/cmTC_b697c.dir/CMakeCXXCompilerABI.cpp.o' '-c' '-shared-libgcc' '-mtune=generic' '-march=x86-64' '-dumpdir' 'CMakeFiles/cmTC_b697c.dir/']
  ignore line: [ /usr/lib/gcc/x86_64-linux-gnu/11/cc1plus -quiet -v -imultiarch x86_64-linux-gnu -D_GNU_SOURCE /usr/share/cmake-3.22/Modules/CMakeCXXCompilerABI.cpp -quiet -dumpdir CMakeFiles/cmTC_b697c.dir/ -dumpbase CMakeCXXCompilerABI.cpp.cpp -dumpbase-ext .cpp -mtune=generic -march=x86-64 -version -fasynchronous-unwind-tables -fstack-protector-strong -Wformat -Wformat-security -fstack-clash-protection -fcf-protection -o /tmp/ccb29zpS.s]
  ignore line: [GNU C++17 (Ubuntu 11.4.0-1ubuntu1~22.04) version 11.4.0 (x86_64-linux-gnu)]
  ignore line: [	compiled by GNU C version 11.4.0  GMP version 6.2.1  MPFR version 4.1.0  MPC version 1.2.1  isl version isl-0.24-GMP]
  ignore line: []
  ignore line: [GGC heuristics: --param ggc-min-expand=100 --param ggc-min-heapsize=131072]
  ignore line: [ignoring duplicate directory "/usr/include/x86_64-linux-gnu/c++/11"]
  ignore line: [ignoring nonexistent directory "/usr/local/include/x86_64-linux-gnu"]
  ignore line: [ignoring nonexistent directory "/usr/lib/gcc/x86_64-linux-gnu/11/include-fixed"]
  ignore line: [ignoring nonexistent directory "/usr/lib/gcc/x86_64-linux-gnu/11/../../../../x86_64-linux-gnu/include"]
  ignore line: [#include "..." search starts here:]
  ignore line: [#include <...> search starts here:]
  ignore line: [ /usr/include/c++/11]
  ignore line: [ /usr/include/x86_64-linux-gnu/c++/11]
  ignore line: [ /usr/include/c++/11/backward]
  ignore line: [ /usr/lib/gcc/x86_64-linux-gnu/11/include]
  ignore line: [ /usr/local/include]
  ignore line: [ /usr/include/x86_64-linux-gnu]
  ignore line: [ /usr/include]
  ignore line: [End of search list.]
  ignore line: [GNU C++17 (Ubuntu 11.4.0-1ubuntu1~22.04) version 11.4.0 (x86_64-linux-gnu)]
  ignore line: [	compiled by GNU C version 11.4.0  GMP version 6.2.1  MPFR version 4.1.0  MPC version 1.2.1  isl version isl-0.24-GMP]
  ignore line: []
  ignore line: [GGC heuristics: --param ggc-min-expand=100 --param ggc-min-heapsize=131072]
  ignore line: [Compiler executable checksum: d591828bb4d392ae8b7b160e5bb0b95f]
  ignore line: [COLLECT_GCC_OPTIONS='-v' '-o' 'CMakeFiles/cmTC_b697c.dir/CMakeCXXCompilerABI.cpp.o' '-c' '-shared-libgcc' '-mtune=generic' '-march=x86-64' '-dumpdir' 'CMakeFiles/cmTC_b697c.dir/']
  ignore line: [ as -v --64 -o CMakeFiles/cmTC_b697c.dir/CMakeCXXCompilerABI.cpp.o /tmp/ccb29zpS.s]
  ignore line: [GNU assembler version 2.38 (x86_64-linux-gnu) using BFD version (GNU Binutils for Ubuntu) 2.38]
  ignore line: [COMPILER_PATH=/usr/lib/gcc/x86_64-linux-gnu/11/:/usr/lib/gcc/x86_64-linux-gnu/11/:/usr/lib/gcc/x86_64-linux-gnu/:/usr/lib/gcc/x86_64-linux-gnu/11/:/usr/lib/gcc/x86_64-linux-gnu/]
  ignore line: [LIBRARY_PATH=/usr/lib/gcc/x86_64-linux-gnu/11/:/usr/lib/gcc/x86_64-linux-gnu/11/../../../x86_64-linux-gnu/:/usr/lib/gcc/x86_64-linux-gnu/11/../../../../lib/:/lib/x86_64-linux-gnu/:/lib/../lib/:/usr/lib/x86_64-linux-gnu/:/usr/lib/../lib/:/usr/lib/gcc/x86_64-linux-gnu/11/../../../:/lib/:/usr/lib/]
  ignore line: [COLLECT_GCC_OPTIONS='-v' '-o' 'CMakeFiles/cmTC_b697c.dir/CMakeCXXCompilerABI.cpp.o' '-c' '-shared-libgcc' '-mtune=generic' '-march=x86-64' '-dumpdir' 'CMakeFiles/cmTC_b697c.dir/CMakeCXXCompilerABI.cpp.']
  ignore line: [Linking CXX executable cmTC_b697c]
  ignore line: [/usr/bin/cmake -E cmake_link_script CMakeFiles/cmTC_b697c.dir/link.txt --verbose=1]
  ignore line: [/usr/bin/c++  -v -rdynamic CMakeFiles/cmTC_b697c.dir/CMakeCXXCompilerABI.cpp.o -o cmTC_b697c ]
  ignore line: [Using built-in specs.]
  ignore line: [COLLECT_GCC=/usr/bin/c++]
  ignore line: [COLLECT_LTO_WRAPPER=/usr/lib/gcc/x86_64-linux-gnu/11/lto-wrapper]
  ignore line: [OFFLOAD_TARGET_NAMES=nvptx-none:amdgcn-amdhsa]
  ignore line: [OFFLOAD_TARGET_DEFAULT=1]
  ignore line: [Target: x86_64-linux-gnu]
  ignore line: [Configured with: ../src/configure -v --with-pkgversion='Ubuntu 11.4.0-1ubuntu1~22.04' --with-bugurl=file:///usr/share/doc/gcc-11/README.Bugs --enable-languages=c ada c++ go brig d fortran objc obj-c++ m2 --prefix=/usr --with-gcc-major-version-only --program-suffix=-11 --program-prefix=x86_64-linux-gnu- --enable-shared --enable-linker-build-id --libexecdir=/usr/lib --without-included-gettext --enable-threads=posix --libdir=/usr/lib --enable-nls --enable-bootstrap --enable-clocale=gnu --enable-libstdcxx-debug --enable-libstdcxx-time=yes --with-default-libstdcxx-abi=new --enable-gnu-unique-object --disable-vtable-verify --enable-plugin --enable-default-pie --with-system-zlib --enable-libphobos-checking=release --with-target-system-zlib=auto --enable-objc-gc=auto --enable-multiarch --disable-werror --enable-cet --with-arch-32=i686 --with-abi=m64 --with-multilib-list=m32 m64 mx32 --enable-multilib --with-tune=generic --enable-offload-targets=nvptx-none=/build/gcc-11-XeT9lY/gcc-11-11.4.0/debian/tmp-nvptx/usr amdgcn-amdhsa=/build/gcc-11-XeT9lY/gcc-11-11.4.0/debian/tmp-gcn/usr --without-cuda-driver --enable-checking=release --build=x86_64-linux-gnu --host=x86_64-linux-gnu --target=x86_64-linux-gnu --with-build-config=bootstrap-lto-lean --enable-link-serialization=2]
  ignore line: [Thread model: posix]
  ignore line: [Supported LTO compression algorithms: zlib zstd]
  ignore line: [gcc version 11.4.0 (Ubuntu 11.4.0-1ubuntu1~22.04) ]
  ignore line: [COMPILER_PATH=/usr/lib/gcc/x86_64-linux-gnu/11/:/usr/lib/gcc/x86_64-linux-gnu/11/:/usr/lib/gcc/x86_64-linux-gnu/:/usr/lib/gcc/x86_64-linux-gnu/11/:/usr/lib/gcc/x86_64-linux-gnu/]
  ignore line: [LIBRARY_PATH=/usr/lib/gcc/x86_64-linux-gnu/11/:/usr/lib/gcc/x86_64-linux-gnu/11/../../../x86_64-linux-gnu/:/usr/lib/gcc/x86_64-linux-gnu/11/../../../../lib/:/lib/x86_64-linux-gnu/:/lib/../lib/:/usr/lib/x86_64-linux-gnu/:/usr/lib/../lib/:/usr/lib/gcc/x86_64-linux-gnu/11/../../../:/lib/:/usr/lib/]
  ignore line: [COLLECT_GCC_OPTIONS='-v' '-rdynamic' '-o' 'cmTC_b697c' '-shared-libgcc' '-mtune=generic' '-march=x86-64' '-dumpdir' 'cmTC_b697c.']
  link line: [ /usr/lib/gcc/x86_64-linux-gnu/11/collect2 -plugin /usr/lib/gcc/x86_64-linux-gnu/11/liblto_plugin.so -plugin-opt=/usr/lib/gcc/x86_64-linux-gnu/11/lto-wrapper -plugin-opt=-fresolution=/tmp/cce6iQzN.res -plugin-opt=-pass-through=-lgcc_s -plugin-opt=-pass-through=-lgcc -plugin-opt=-pass-through=-lc -plugin-opt=-pass-through=-lgcc_s -plugin-opt=-pass-through=-lgcc --build-id --eh-frame-hdr -m elf_x86_64 --hash-style=gnu --as-needed -export-dynamic -dynamic-linker /lib64/ld-linux-x86-64.so.2 -pie -z now -z relro -o cmTC_b697c /usr/lib/gcc/x86_64-linux-gnu/11/../../../x86_64-linux-gnu/Scrt1.o /usr/lib/gcc/x86_64-linux-gnu/11/../../../x86_64-linux-gnu/crti.o /usr/lib/gcc/x86_64-linux-gnu/11/crtbeginS.o -L/usr/lib/gcc/x86_64-linux-gnu/11 -L/usr/lib/gcc/x86_64-linux-gnu/11/../../../x86_64-linux-gnu -L/usr/lib/gcc/x86_64-linux-gnu/11/../../../../lib -L/lib/x86_64-linux-gnu -L/lib/../lib -L/usr/lib/x86_64-linux-gnu -L/usr/lib/../lib -L/usr/lib/gcc/x86_64-linux-gnu/11/../../.. CMakeFiles/cmTC_b697c.dir/CMakeCXXCompilerABI.cpp.o -lstdc++ -lm -lgcc_s -lgcc -lc -lgcc_s -lgcc /usr/lib/gcc/x86_64-linux-gnu/11/crtendS.o /usr/lib/gcc/x86_64-linux-gnu/11/../../../x86_64-linux-gnu/crtn.o]
    arg [/usr/lib/gcc/x86_64-linux-gnu/11/collect2] ==> ignore
    arg [-plugin] ==> ignore
    arg [/usr/lib/gcc/x86_64-linux-gnu/11/liblto_plugin.so] ==> ignore
    arg [-plugin-opt=/usr/lib/gcc/x86_64-linux-gnu/11/lto-wrapper] ==> ignore
    arg [-plugin-opt=-fresolution=/tmp/cce6iQzN.res] ==> ignore
    arg [-plugin-opt=-pass-through=-lgcc_s] ==> ignore
    arg [-plugin-opt=-pass-through=-lgcc] ==> ignore
    arg [-plugin-opt=-pass-through=-lc] ==> ignore
    arg [-plugin-opt=-pass-through=-lgcc_s] ==> ignore
    arg [-plugin-opt=-pass-through=-lgcc] ==> ignore
    arg [--build-id] ==> ignore
    arg [--eh-frame-hdr] ==> ignore
    arg [-m] ==> ignore
    arg [elf_x86_64] ==> ignore
    arg [--hash-style=gnu] ==> ignore
    arg [--as-needed] ==> ignore
    arg [-export-dynamic] ==> ignore
    arg [-dynamic-linker] ==> ignore
    arg [/lib64/ld-linux-x86-64.so.2] ==> ignore
    arg [-pie] ==> ignore
    arg [-znow] ==> ignore
    arg [-zrelro] ==> ignore
    arg [-o] ==> ignore
    arg [cmTC_b697c] ==> ignore
    arg [/usr/lib/gcc/x86_64-linux-gnu/11/../../../x86_64-linux-gnu/Scrt1.o] ==> obj [/usr/lib/gcc/x86_64-linux-gnu/11/../../../x86_64-linux-gnu/Scrt1.o]
    arg [/usr/lib/gcc/x86_64-linux-gnu/11/../../../x86_64-linux-gnu/crti.o] ==> obj [/usr/lib/gcc/x86_64-linux-gnu/11/../../../x86_64-linux-gnu/crti.o]
    arg [/usr/lib/gcc/x86_64-linux-gnu/11/crtbeginS.o] ==> obj [/usr/lib/gcc/x86_64-linux-gnu/11/crtbeginS.o]
    arg [-L/usr/lib/gcc/x86_64-linux-gnu/11] ==> dir [/usr/lib/gcc/x86_64-linux-gnu/11]
    arg [-L/usr/lib/gcc/x86_64-linux-gnu/11/../../../x86_64-linux-gnu] ==> dir [/usr/lib/gcc/x86_64-linux-gnu/11/../../../x86_64-linux-gnu]
    arg [-L/usr/lib/gcc/x86_64-linux-gnu/11/../../../../lib] ==> dir [/usr/lib/gcc/x86_64-linux-gnu/11/../../../../lib]
    arg [-L/lib/x86_64-linux-gnu] ==> dir [/lib/x86_64-linux-gnu]
    arg [-L/lib/../lib] ==> dir [/lib/../lib]
    arg [-L/usr/lib/x86_64-linux-gnu] ==> dir [/usr/lib/x86_64-linux-gnu]
    arg [-L/usr/lib/../lib] ==> dir [/usr/lib/../lib]
    arg [-L/usr/lib/gcc/x86_64-linux-gnu/11/../../..] ==> dir [/usr/lib/gcc/x86_64-linux-gnu/11/../../..]
    arg [CMakeFiles/cmTC_b697c.dir/CMakeCXXCompilerABI.cpp.o] ==> ignore
    arg [-lstdc++] ==> lib [stdc++]
    arg [-lm] ==> lib [m]
    arg [-lgcc_s] ==> lib [gcc_s]
    arg [-lgcc] ==> lib [gcc]
    arg [-lc] ==> lib [c]
    arg [-lgcc_s] ==> lib [gcc_s]
    arg [-lgcc] ==> lib [gcc]
    arg [/usr/lib/gcc/x86_64-linux-gnu/11/crtendS.o] ==> obj [/usr/lib/gcc/x86_64-linux-gnu/11/crtendS.o]
    arg [/usr/lib/gcc/x86_64-linux-gnu/11/../../../x86_64-linux-gnu/crtn.o] ==> obj [/usr/lib/gcc/x86_64-linux-gnu/11/../../../x86_64-linux-gnu/crtn.o]
  collapse obj [/usr/lib/gcc/x86_64-linux-gnu/11/../../../x86_64-linux-gnu/Scrt1.o] ==> [/usr/lib/x86_64-linux-gnu/Scrt1.o]
  collapse obj [/usr/lib/gcc/x86_64-linux-gnu/11/../../../x86_64-linux-gnu/crti.o] ==> [/usr/lib/x86_64-linux-gnu/crti.o]
  collapse obj [/usr/lib/gcc/x86_64-linux-gnu/11/../../../x86_64-linux-gnu/crtn.o] ==> [/usr/lib/x86_64-linux-gnu/crtn.o]
  collapse library dir [/usr/lib/gcc/x86_64-linux-gnu/11] ==> [/usr/lib/gcc/x86_64-linux-gnu/11]
  collapse library dir [/usr/lib/gcc/x86_64-linux-gnu/11/../../../x86_64-linux-gnu] ==> [/usr/lib/x86_64-linux-gnu]
  collapse library dir [/usr/lib/gcc/x86_64-linux-gnu/11/../../../../lib] ==> [/usr/lib]
  collapse library dir [/lib/x86_64-linux-gnu] ==> [/lib/x86_64-linux-gnu]
  collapse library dir [/lib/../lib] ==> [/lib]
  collapse library dir [/usr/lib/x86_64-linux-gnu] ==> [/usr/lib/x86_64-linux-gnu]
  collapse library dir [/usr/lib/../lib] ==> [/usr/lib]
  collapse library dir [/usr/lib/gcc/x86_64-linux-gnu/11/../../..] ==> [/usr/lib]
  implicit libs: [stdc++;m;gcc_s;gcc;c;gcc_s;gcc]
  implicit objs: [/usr/lib/x86_64-linux-gnu/Scrt1.o;/usr/lib/x86_64-linux-gnu/crti.o;/usr/lib/gcc/x86_64-linux-gnu/11/crtbeginS.o;/usr/lib/gcc/x86_64-linux-gnu/11/crtendS.o;/usr/lib/x86_64-linux-gnu/crtn.o]
  implicit dirs: [/usr/lib/gcc/x86_64-linux-gnu/11;/usr/lib/x86_64-linux-gnu;/usr/lib;/lib/x86_64-linux-gnu;/lib]
  implicit fwks: []


Performing C SOURCE FILE Test std-gnu99 succeeded with the following output:
Change Dir: /home/ljk/Test/libpcap-1.9.1/build/CMakeFiles/CMakeTmp

Run Build Command(s):/usr/bin/gmake -f Makefile cmTC_fd858/fast && /usr/bin/gmake  -f CMakeFiles/cmTC_fd858.dir/build.make CMakeFiles/cmTC_fd858.dir/build
gmake[1]: Entering directory '/home/ljk/Test/libpcap-1.9.1/build/CMakeFiles/CMakeTmp'
Building C object CMakeFiles/cmTC_fd858.dir/src.c.o
/usr/bin/cc   -Dstd-gnu99 -std=gnu99 -o CMakeFiles/cmTC_fd858.dir/src.c.o -c /home/ljk/Test/libpcap-1.9.1/build/CMakeFiles/CMakeTmp/src.c
<command-line>: warning: ISO C99 requires whitespace after the macro name
Linking C executable cmTC_fd858
/usr/bin/cmake -E cmake_link_script CMakeFiles/cmTC_fd858.dir/link.txt --verbose=1
/usr/bin/cc -rdynamic CMakeFiles/cmTC_fd858.dir/src.c.o -o cmTC_fd858 
gmake[1]: Leaving directory '/home/ljk/Test/libpcap-1.9.1/build/CMakeFiles/CMakeTmp'


Source file was:
int main(void) { return 0; }
Determining if the include file inttypes.h exists passed with the following output:
Change Dir: /home/ljk/Test/libpcap-1.9.1/build/CMakeFiles/CMakeTmp

Run Build Command(s):/usr/bin/gmake -f Makefile cmTC_b652d/fast && /usr/bin/gmake  -f CMakeFiles/cmTC_b652d.dir/build.make CMakeFiles/cmTC_b652d.dir/build
gmake[1]: 进入目录“/home/ljk/Test/libpcap-1.9.1/build/CMakeFiles/CMakeTmp”
Building C object CMakeFiles/cmTC_b652d.dir/CheckIncludeFile.c.o
/usr/bin/cc    -o CMakeFiles/cmTC_b652d.dir/CheckIncludeFile.c.o -c /home/ljk/Test/libpcap-1.9.1/build/CMakeFiles/CMakeTmp/CheckIncludeFile.c
Linking C executable cmTC_b652d
/usr/bin/cmake -E cmake_link_script CMakeFiles/cmTC_b652d.dir/link.txt --verbose=1
/usr/bin/cc -rdynamic CMakeFiles/cmTC_b652d.dir/CheckIncludeFile.c.o -o cmTC_b652d 
gmake[1]: 离开目录“/home/ljk/Test/libpcap-1.9.1/build/CMakeFiles/CMakeTmp”



Determining if the include file stdint.h exists passed with the following output:
Change Dir: /home/ljk/Test/libpcap-1.9.1/build/CMakeFiles/CMakeTmp

Run Build Command(s):/usr/bin/gmake -f Makefile cmTC_2b959/fast && /usr/bin/gmake  -f CMakeFiles/cmTC_2b959.dir/build.make CMakeFiles/cmTC_2b959.dir/build
gmake[1]: 进入目录“/home/ljk/Test/libpcap-1.9.1/build/CMakeFiles/CMakeTmp”
Building C object CMakeFiles/cmTC_2b959.dir/CheckIncludeFile.c.o
/usr/bin/cc    -o CMakeFiles/cmTC_2b959.dir/CheckIncludeFile.c.o -c /home/ljk/Test/libpcap-1.9.1/build/CMakeFiles/CMakeTmp/CheckIncludeFile.c
Linking C executable cmTC_2b959
/usr/bin/cmake -E cmake_link_script CMakeFiles/cmTC_2b959.dir/link.txt --verbose=1
/usr/bin/cc -rdynamic CMakeFiles/cmTC_2b959.dir/CheckIncludeFile.c.o -o cmTC_2b959 
gmake[1]: 离开目录“/home/ljk/Test/libpcap-1.9.1/build/CMakeFiles/CMakeTmp”



Determining if the include file unistd.h exists passed with the following output:
Change Dir: /home/ljk/Test/libpcap-1.9.1/build/CMakeFiles/CMakeTmp

Run Build Command(s):/usr/bin/gmake -f Makefile cmTC_dc447/fast && /usr/bin/gmake  -f CMakeFiles/cmTC_dc447.dir/build.make CMakeFiles/cmTC_dc447.dir/build
gmake[1]: 进入目录“/home/ljk/Test/libpcap-1.9.1/build/CMakeFiles/CMakeTmp”
Building C object CMakeFiles/cmTC_dc447.dir/CheckIncludeFile.c.o
/usr/bin/cc    -o CMakeFiles/cmTC_dc447.dir/CheckIncludeFile.c.o -c /home/ljk/Test/libpcap-1.9.1/build/CMakeFiles/CMakeTmp/CheckIncludeFile.c
Linking C executable cmTC_dc447
/usr/bin/cmake -E cmake_link_script CMakeFiles/cmTC_dc447.dir/link.txt --verbose=1
/usr/bin/cc -rdynamic CMakeFiles/cmTC_dc447.dir/CheckIncludeFile.c.o -o cmTC_dc447 
gmake[1]: 离开目录“/home/ljk/Test/libpcap-1.9.1/build/CMakeFiles/CMakeTmp”



Determining if the include file sys/select.h exists passed with the following output:
Change Dir: /home/ljk/Test/libpcap-1.9.1/build/CMakeFiles/CMakeTmp

Run Build Command(s):/usr/bin/gmake -f Makefile cmTC_972e2/fast && /usr/bin/gmake  -f CMakeFiles/cmTC_972e2.dir/build.make CMakeFiles/cmTC_972e2.dir/build
gmake[1]: 进入目录“/home/ljk/Test/libpcap-1.9.1/build/CMakeFiles/CMakeTmp”
Building C object CMakeFiles/cmTC_972e2.dir/CheckIncludeFile.c.o
/usr/bin/cc    -o CMakeFiles/cmTC_972e2.dir/CheckIncludeFile.c.o -c /home/ljk/Test/libpcap-1.9.1/build/CMakeFiles/CMakeTmp/CheckIncludeFile.c
Linking C executable cmTC_972e2
/usr/bin/cmake -E cmake_link_script CMakeFiles/cmTC_972e2.dir/link.txt --verbose=1
/usr/bin/cc -rdynamic CMakeFiles/cmTC_972e2.dir/CheckIncludeFile.c.o -o cmTC_972e2 
gmake[1]: 离开目录“/home/ljk/Test/libpcap-1.9.1/build/CMakeFiles/CMakeTmp”



Determining if the include file limits.h exists passed with the following output:
Change Dir: /home/ljk/Test/libpcap-1.9.1/build/CMakeFiles/CMakeTmp

Run Build Command(s):/usr/bin/gmake -f Makefile cmTC_ab460/fast && /usr/bin/gmake  -f CMakeFiles/cmTC_ab460.dir/build.make CMakeFiles/cmTC_ab460.dir/build
gmake[1]: 进入目录“/home/ljk/Test/libpcap-1.9.1/build/CMakeFiles/CMakeTmp”
Building C object CMakeFiles/cmTC_ab460.dir/CheckIncludeFile.c.o
/usr/bin/cc    -o CMakeFiles/cmTC_ab460.dir/CheckIncludeFile.c.o -c /home/ljk/Test/libpcap-1.9.1/build/CMakeFiles/CMakeTmp/CheckIncludeFile.c
Linking C executable cmTC_ab460
/usr/bin/cmake -E cmake_link_script CMakeFiles/cmTC_ab460.dir/link.txt --verbose=1
/usr/bin/cc -rdynamic CMakeFiles/cmTC_ab460.dir/CheckIncludeFile.c.o -o cmTC_ab460 
gmake[1]: 离开目录“/home/ljk/Test/libpcap-1.9.1/build/CMakeFiles/CMakeTmp”



Determining if the include file netpacket/packet.h exists passed with the following output:
Change Dir: /home/ljk/Test/libpcap-1.9.1/build/CMakeFiles/CMakeTmp

Run Build Command(s):/usr/bin/gmake -f Makefile cmTC_f5d90/fast && /usr/bin/gmake  -f CMakeFiles/cmTC_f5d90.dir/build.make CMakeFiles/cmTC_f5d90.dir/build
gmake[1]: 进入目录“/home/ljk/Test/libpcap-1.9.1/build/CMakeFiles/CMakeTmp”
Building C object CMakeFiles/cmTC_f5d90.dir/CheckIncludeFile.c.o
/usr/bin/cc    -o CMakeFiles/cmTC_f5d90.dir/CheckIncludeFile.c.o -c /home/ljk/Test/libpcap-1.9.1/build/CMakeFiles/CMakeTmp/CheckIncludeFile.c
Linking C executable cmTC_f5d90
/usr/bin/cmake -E cmake_link_script CMakeFiles/cmTC_f5d90.dir/link.txt --verbose=1
/usr/bin/cc -rdynamic CMakeFiles/cmTC_f5d90.dir/CheckIncludeFile.c.o -o cmTC_f5d90 
gmake[1]: 离开目录“/home/ljk/Test/libpcap-1.9.1/build/CMakeFiles/CMakeTmp”



Determining if the include file netinet/if_ether.h exists passed with the following output:
Change Dir: /home/ljk/Test/libpcap-1.9.1/build/CMakeFiles/CMakeTmp

Run Build Command(s):/usr/bin/gmake -f Makefile cmTC_2f53a/fast && /usr/bin/gmake  -f CMakeFiles/cmTC_2f53a.dir/build.make CMakeFiles/cmTC_2f53a.dir/build
gmake[1]: 进入目录“/home/ljk/Test/libpcap-1.9.1/build/CMakeFiles/CMakeTmp”
Building C object CMakeFiles/cmTC_2f53a.dir/CheckIncludeFile.c.o
/usr/bin/cc    -o CMakeFiles/cmTC_2f53a.dir/CheckIncludeFile.c.o -c /home/ljk/Test/libpcap-1.9.1/build/CMakeFiles/CMakeTmp/CheckIncludeFile.c
Linking C executable cmTC_2f53a
/usr/bin/cmake -E cmake_link_script CMakeFiles/cmTC_2f53a.dir/link.txt --verbose=1
/usr/bin/cc -rdynamic CMakeFiles/cmTC_2f53a.dir/CheckIncludeFile.c.o -o cmTC_2f53a 
gmake[1]: 离开目录“/home/ljk/Test/libpcap-1.9.1/build/CMakeFiles/CMakeTmp”



Determining if the include file linux/sockios.h exists passed with the following output:
Change Dir: /home/ljk/Test/libpcap-1.9.1/build/CMakeFiles/CMakeTmp

Run Build Command(s):/usr/bin/gmake -f Makefile cmTC_5620a/fast && /usr/bin/gmake  -f CMakeFiles/cmTC_5620a.dir/build.make CMakeFiles/cmTC_5620a.dir/build
gmake[1]: 进入目录“/home/ljk/Test/libpcap-1.9.1/build/CMakeFiles/CMakeTmp”
Building C object CMakeFiles/cmTC_5620a.dir/CheckIncludeFile.c.o
/usr/bin/cc    -o CMakeFiles/cmTC_5620a.dir/CheckIncludeFile.c.o -c /home/ljk/Test/libpcap-1.9.1/build/CMakeFiles/CMakeTmp/CheckIncludeFile.c
Linking C executable cmTC_5620a
/usr/bin/cmake -E cmake_link_script CMakeFiles/cmTC_5620a.dir/link.txt --verbose=1
/usr/bin/cc -rdynamic CMakeFiles/cmTC_5620a.dir/CheckIncludeFile.c.o -o cmTC_5620a 
gmake[1]: 离开目录“/home/ljk/Test/libpcap-1.9.1/build/CMakeFiles/CMakeTmp”



Determining if files sys/socket.h;linux/if_bonding.h exist passed with the following output:
Change Dir: /home/ljk/Test/libpcap-1.9.1/build/CMakeFiles/CMakeTmp

Run Build Command(s):/usr/bin/gmake -f Makefile cmTC_94b5a/fast && /usr/bin/gmake  -f CMakeFiles/cmTC_94b5a.dir/build.make CMakeFiles/cmTC_94b5a.dir/build
gmake[1]: 进入目录“/home/ljk/Test/libpcap-1.9.1/build/CMakeFiles/CMakeTmp”
Building C object CMakeFiles/cmTC_94b5a.dir/HAVE_LINUX_IF_BONDING_H.c.o
/usr/bin/cc    -o CMakeFiles/cmTC_94b5a.dir/HAVE_LINUX_IF_BONDING_H.c.o -c /home/ljk/Test/libpcap-1.9.1/build/CMakeFiles/CheckIncludeFiles/HAVE_LINUX_IF_BONDING_H.c
Linking C executable cmTC_94b5a
/usr/bin/cmake -E cmake_link_script CMakeFiles/cmTC_94b5a.dir/link.txt --verbose=1
/usr/bin/cc -rdynamic CMakeFiles/cmTC_94b5a.dir/HAVE_LINUX_IF_BONDING_H.c.o -o cmTC_94b5a 
gmake[1]: 离开目录“/home/ljk/Test/libpcap-1.9.1/build/CMakeFiles/CMakeTmp”



Determining if the function strerror exists passed with the following output:
Change Dir: /home/ljk/Test/libpcap-1.9.1/build/CMakeFiles/CMakeTmp

Run Build Command(s):/usr/bin/gmake -f Makefile cmTC_c98be/fast && /usr/bin/gmake  -f CMakeFiles/cmTC_c98be.dir/build.make CMakeFiles/cmTC_c98be.dir/build
gmake[1]: 进入目录“/home/ljk/Test/libpcap-1.9.1/build/CMakeFiles/CMakeTmp”
Building C object CMakeFiles/cmTC_c98be.dir/CheckFunctionExists.c.o
/usr/bin/cc   -DCHECK_FUNCTION_EXISTS=strerror -o CMakeFiles/cmTC_c98be.dir/CheckFunctionExists.c.o -c /usr/share/cmake-3.22/Modules/CheckFunctionExists.c
Linking C executable cmTC_c98be
/usr/bin/cmake -E cmake_link_script CMakeFiles/cmTC_c98be.dir/link.txt --verbose=1
/usr/bin/cc  -DCHECK_FUNCTION_EXISTS=strerror -rdynamic CMakeFiles/cmTC_c98be.dir/CheckFunctionExists.c.o -o cmTC_c98be 
gmake[1]: 离开目录“/home/ljk/Test/libpcap-1.9.1/build/CMakeFiles/CMakeTmp”



Determining if the function strerror_r exists passed with the following output:
Change Dir: /home/ljk/Test/libpcap-1.9.1/build/CMakeFiles/CMakeTmp

Run Build Command(s):/usr/bin/gmake -f Makefile cmTC_379ce/fast && /usr/bin/gmake  -f CMakeFiles/cmTC_379ce.dir/build.make CMakeFiles/cmTC_379ce.dir/build
gmake[1]: 进入目录“/home/ljk/Test/libpcap-1.9.1/build/CMakeFiles/CMakeTmp”
Building C object CMakeFiles/cmTC_379ce.dir/CheckFunctionExists.c.o
/usr/bin/cc   -DCHECK_FUNCTION_EXISTS=strerror_r -o CMakeFiles/cmTC_379ce.dir/CheckFunctionExists.c.o -c /usr/share/cmake-3.22/Modules/CheckFunctionExists.c
Linking C executable cmTC_379ce
/usr/bin/cmake -E cmake_link_script CMakeFiles/cmTC_379ce.dir/link.txt --verbose=1
/usr/bin/cc  -DCHECK_FUNCTION_EXISTS=strerror_r -rdynamic CMakeFiles/cmTC_379ce.dir/CheckFunctionExists.c.o -o cmTC_379ce 
gmake[1]: 离开目录“/home/ljk/Test/libpcap-1.9.1/build/CMakeFiles/CMakeTmp”



Performing C SOURCE FILE Test HAVE_GNU_STRERROR_R succeeded with the following output:
Change Dir: /home/ljk/Test/libpcap-1.9.1/build/CMakeFiles/CMakeTmp

Run Build Command(s):/usr/bin/gmake -f Makefile cmTC_7934b/fast && /usr/bin/gmake  -f CMakeFiles/cmTC_7934b.dir/build.make CMakeFiles/cmTC_7934b.dir/build
gmake[1]: 进入目录“/home/ljk/Test/libpcap-1.9.1/build/CMakeFiles/CMakeTmp”
Building C object CMakeFiles/cmTC_7934b.dir/src.c.o
/usr/bin/cc -DHAVE_GNU_STRERROR_R   -o CMakeFiles/cmTC_7934b.dir/src.c.o -c /home/ljk/Test/libpcap-1.9.1/build/CMakeFiles/CMakeTmp/src.c
Linking C executable cmTC_7934b
/usr/bin/cmake -E cmake_link_script CMakeFiles/cmTC_7934b.dir/link.txt --verbose=1
/usr/bin/cc -rdynamic CMakeFiles/cmTC_7934b.dir/src.c.o -o cmTC_7934b 
gmake[1]: 离开目录“/home/ljk/Test/libpcap-1.9.1/build/CMakeFiles/CMakeTmp”


Source file was:
#define _GNU_SOURCE
#include <string.h>

/* Define it GNU-style; that will cause an error if it's not GNU-style */
extern char *strerror_r(int, char *, size_t);

int
main(void)
{
	return 0;
}

Determining if the function snprintf exists passed with the following output:
Change Dir: /home/ljk/Test/libpcap-1.9.1/build/CMakeFiles/CMakeTmp

Run Build Command(s):/usr/bin/gmake -f Makefile cmTC_59e59/fast && /usr/bin/gmake  -f CMakeFiles/cmTC_59e59.dir/build.make CMakeFiles/cmTC_59e59.dir/build
gmake[1]: 进入目录“/home/ljk/Test/libpcap-1.9.1/build/CMakeFiles/CMakeTmp”
Building C object CMakeFiles/cmTC_59e59.dir/CheckFunctionExists.c.o
/usr/bin/cc   -DCHECK_FUNCTION_EXISTS=snprintf -o CMakeFiles/cmTC_59e59.dir/CheckFunctionExists.c.o -c /usr/share/cmake-3.22/Modules/CheckFunctionExists.c
<command-line>: warning: conflicting types for built-in function ‘snprintf’; expected ‘int(char *, long unsigned int,  const char *, ...)’ [-Wbuiltin-declaration-mismatch]
/usr/share/cmake-3.22/Modules/CheckFunctionExists.c:7:3: note: in expansion of macro ‘CHECK_FUNCTION_EXISTS’
    7 |   CHECK_FUNCTION_EXISTS(void);
      |   ^~~~~~~~~~~~~~~~~~~~~
/usr/share/cmake-3.22/Modules/CheckFunctionExists.c:1:1: note: ‘snprintf’ is declared in header ‘<stdio.h>’
  +++ |+#include <stdio.h>
    1 | #ifdef CHECK_FUNCTION_EXISTS
Linking C executable cmTC_59e59
/usr/bin/cmake -E cmake_link_script CMakeFiles/cmTC_59e59.dir/link.txt --verbose=1
/usr/bin/cc  -DCHECK_FUNCTION_EXISTS=snprintf -rdynamic CMakeFiles/cmTC_59e59.dir/CheckFunctionExists.c.o -o cmTC_59e59 
gmake[1]: 离开目录“/home/ljk/Test/libpcap-1.9.1/build/CMakeFiles/CMakeTmp”



Determining if the function vsnprintf exists passed with the following output:
Change Dir: /home/ljk/Test/libpcap-1.9.1/build/CMakeFiles/CMakeTmp

Run Build Command(s):/usr/bin/gmake -f Makefile cmTC_9dbe4/fast && /usr/bin/gmake  -f CMakeFiles/cmTC_9dbe4.dir/build.make CMakeFiles/cmTC_9dbe4.dir/build
gmake[1]: 进入目录“/home/ljk/Test/libpcap-1.9.1/build/CMakeFiles/CMakeTmp”
Building C object CMakeFiles/cmTC_9dbe4.dir/CheckFunctionExists.c.o
/usr/bin/cc   -DCHECK_FUNCTION_EXISTS=vsnprintf -o CMakeFiles/cmTC_9dbe4.dir/CheckFunctionExists.c.o -c /usr/share/cmake-3.22/Modules/CheckFunctionExists.c
<command-line>: warning: conflicting types for built-in function ‘vsnprintf’; expected ‘int(char *, long unsigned int,  const char *, __va_list_tag *)’ [-Wbuiltin-declaration-mismatch]
/usr/share/cmake-3.22/Modules/CheckFunctionExists.c:7:3: note: in expansion of macro ‘CHECK_FUNCTION_EXISTS’
    7 |   CHECK_FUNCTION_EXISTS(void);
      |   ^~~~~~~~~~~~~~~~~~~~~
/usr/share/cmake-3.22/Modules/CheckFunctionExists.c:1:1: note: ‘vsnprintf’ is declared in header ‘<stdio.h>’
  +++ |+#include <stdio.h>
    1 | #ifdef CHECK_FUNCTION_EXISTS
Linking C executable cmTC_9dbe4
/usr/bin/cmake -E cmake_link_script CMakeFiles/cmTC_9dbe4.dir/link.txt --verbose=1
/usr/bin/cc  -DCHECK_FUNCTION_EXISTS=vsnprintf -rdynamic CMakeFiles/cmTC_9dbe4.dir/CheckFunctionExists.c.o -o cmTC_9dbe4 
gmake[1]: 离开目录“/home/ljk/Test/libpcap-1.9.1/build/CMakeFiles/CMakeTmp”



Determining if the function asprintf exists passed with the following output:
Change Dir: /home/ljk/Test/libpcap-1.9.1/build/CMakeFiles/CMakeTmp

Run Build Command(s):/usr/bin/gmake -f Makefile cmTC_069c5/fast && /usr/bin/gmake  -f CMakeFiles/cmTC_069c5.dir/build.make CMakeFiles/cmTC_069c5.dir/build
gmake[1]: 进入目录“/home/ljk/Test/libpcap-1.9.1/build/CMakeFiles/CMakeTmp”
Building C object CMakeFiles/cmTC_069c5.dir/CheckFunctionExists.c.o
/usr/bin/cc   -DCHECK_FUNCTION_EXISTS=asprintf -o CMakeFiles/cmTC_069c5.dir/CheckFunctionExists.c.o -c /usr/share/cmake-3.22/Modules/CheckFunctionExists.c
Linking C executable cmTC_069c5
/usr/bin/cmake -E cmake_link_script CMakeFiles/cmTC_069c5.dir/link.txt --verbose=1
/usr/bin/cc  -DCHECK_FUNCTION_EXISTS=asprintf -rdynamic CMakeFiles/cmTC_069c5.dir/CheckFunctionExists.c.o -o cmTC_069c5 
gmake[1]: 离开目录“/home/ljk/Test/libpcap-1.9.1/build/CMakeFiles/CMakeTmp”



Determining if the function vasprintf exists passed with the following output:
Change Dir: /home/ljk/Test/libpcap-1.9.1/build/CMakeFiles/CMakeTmp

Run Build Command(s):/usr/bin/gmake -f Makefile cmTC_36d94/fast && /usr/bin/gmake  -f CMakeFiles/cmTC_36d94.dir/build.make CMakeFiles/cmTC_36d94.dir/build
gmake[1]: 进入目录“/home/ljk/Test/libpcap-1.9.1/build/CMakeFiles/CMakeTmp”
Building C object CMakeFiles/cmTC_36d94.dir/CheckFunctionExists.c.o
/usr/bin/cc   -DCHECK_FUNCTION_EXISTS=vasprintf -o CMakeFiles/cmTC_36d94.dir/CheckFunctionExists.c.o -c /usr/share/cmake-3.22/Modules/CheckFunctionExists.c
Linking C executable cmTC_36d94
/usr/bin/cmake -E cmake_link_script CMakeFiles/cmTC_36d94.dir/link.txt --verbose=1
/usr/bin/cc  -DCHECK_FUNCTION_EXISTS=vasprintf -rdynamic CMakeFiles/cmTC_36d94.dir/CheckFunctionExists.c.o -o cmTC_36d94 
gmake[1]: 离开目录“/home/ljk/Test/libpcap-1.9.1/build/CMakeFiles/CMakeTmp”



Determining if the function strtok_r exists passed with the following output:
Change Dir: /home/ljk/Test/libpcap-1.9.1/build/CMakeFiles/CMakeTmp

Run Build Command(s):/usr/bin/gmake -f Makefile cmTC_187ed/fast && /usr/bin/gmake  -f CMakeFiles/cmTC_187ed.dir/build.make CMakeFiles/cmTC_187ed.dir/build
gmake[1]: 进入目录“/home/ljk/Test/libpcap-1.9.1/build/CMakeFiles/CMakeTmp”
Building C object CMakeFiles/cmTC_187ed.dir/CheckFunctionExists.c.o
/usr/bin/cc   -DCHECK_FUNCTION_EXISTS=strtok_r -o CMakeFiles/cmTC_187ed.dir/CheckFunctionExists.c.o -c /usr/share/cmake-3.22/Modules/CheckFunctionExists.c
Linking C executable cmTC_187ed
/usr/bin/cmake -E cmake_link_script CMakeFiles/cmTC_187ed.dir/link.txt --verbose=1
/usr/bin/cc  -DCHECK_FUNCTION_EXISTS=strtok_r -rdynamic CMakeFiles/cmTC_187ed.dir/CheckFunctionExists.c.o -o cmTC_187ed 
gmake[1]: 离开目录“/home/ljk/Test/libpcap-1.9.1/build/CMakeFiles/CMakeTmp”



Determining if the function vsyslog exists passed with the following output:
Change Dir: /home/ljk/Test/libpcap-1.9.1/build/CMakeFiles/CMakeTmp

Run Build Command(s):/usr/bin/gmake -f Makefile cmTC_2a013/fast && /usr/bin/gmake  -f CMakeFiles/cmTC_2a013.dir/build.make CMakeFiles/cmTC_2a013.dir/build
gmake[1]: 进入目录“/home/ljk/Test/libpcap-1.9.1/build/CMakeFiles/CMakeTmp”
Building C object CMakeFiles/cmTC_2a013.dir/CheckFunctionExists.c.o
/usr/bin/cc   -DCHECK_FUNCTION_EXISTS=vsyslog -o CMakeFiles/cmTC_2a013.dir/CheckFunctionExists.c.o -c /usr/share/cmake-3.22/Modules/CheckFunctionExists.c
Linking C executable cmTC_2a013
/usr/bin/cmake -E cmake_link_script CMakeFiles/cmTC_2a013.dir/link.txt --verbose=1
/usr/bin/cc  -DCHECK_FUNCTION_EXISTS=vsyslog -rdynamic CMakeFiles/cmTC_2a013.dir/CheckFunctionExists.c.o -o cmTC_2a013 
gmake[1]: 离开目录“/home/ljk/Test/libpcap-1.9.1/build/CMakeFiles/CMakeTmp”



Determining if the function getaddrinfo exists passed with the following output:
Change Dir: /home/ljk/Test/libpcap-1.9.1/build/CMakeFiles/CMakeTmp

Run Build Command(s):/usr/bin/gmake -f Makefile cmTC_4fcff/fast && /usr/bin/gmake  -f CMakeFiles/cmTC_4fcff.dir/build.make CMakeFiles/cmTC_4fcff.dir/build
gmake[1]: 进入目录“/home/ljk/Test/libpcap-1.9.1/build/CMakeFiles/CMakeTmp”
Building C object CMakeFiles/cmTC_4fcff.dir/CheckFunctionExists.c.o
/usr/bin/cc   -DCHECK_FUNCTION_EXISTS=getaddrinfo -o CMakeFiles/cmTC_4fcff.dir/CheckFunctionExists.c.o -c /usr/share/cmake-3.22/Modules/CheckFunctionExists.c
Linking C executable cmTC_4fcff
/usr/bin/cmake -E cmake_link_script CMakeFiles/cmTC_4fcff.dir/link.txt --verbose=1
/usr/bin/cc  -DCHECK_FUNCTION_EXISTS=getaddrinfo -rdynamic CMakeFiles/cmTC_4fcff.dir/CheckFunctionExists.c.o -o cmTC_4fcff 
gmake[1]: 离开目录“/home/ljk/Test/libpcap-1.9.1/build/CMakeFiles/CMakeTmp”



Determining if the getnetbyname_r exist passed with the following output:
Change Dir: /home/ljk/Test/libpcap-1.9.1/build/CMakeFiles/CMakeTmp

Run Build Command(s):/usr/bin/gmake -f Makefile cmTC_7a7dc/fast && /usr/bin/gmake  -f CMakeFiles/cmTC_7a7dc.dir/build.make CMakeFiles/cmTC_7a7dc.dir/build
gmake[1]: 进入目录“/home/ljk/Test/libpcap-1.9.1/build/CMakeFiles/CMakeTmp”
Building C object CMakeFiles/cmTC_7a7dc.dir/CheckSymbolExists.c.o
/usr/bin/cc    -o CMakeFiles/cmTC_7a7dc.dir/CheckSymbolExists.c.o -c /home/ljk/Test/libpcap-1.9.1/build/CMakeFiles/CMakeTmp/CheckSymbolExists.c
Linking C executable cmTC_7a7dc
/usr/bin/cmake -E cmake_link_script CMakeFiles/cmTC_7a7dc.dir/link.txt --verbose=1
/usr/bin/cc -rdynamic CMakeFiles/cmTC_7a7dc.dir/CheckSymbolExists.c.o -o cmTC_7a7dc 
gmake[1]: 离开目录“/home/ljk/Test/libpcap-1.9.1/build/CMakeFiles/CMakeTmp”


File /home/ljk/Test/libpcap-1.9.1/build/CMakeFiles/CMakeTmp/CheckSymbolExists.c:
/* */
#include <netdb.h>

int main(int argc, char** argv)
{
  (void)argv;
#ifndef getnetbyname_r
  return ((int*)(&getnetbyname_r))[argc];
#else
  (void)argc;
  return 0;
#endif
}
Performing C SOURCE FILE Test HAVE_LINUX_GETNETBYNAME_R succeeded with the following output:
Change Dir: /home/ljk/Test/libpcap-1.9.1/build/CMakeFiles/CMakeTmp

Run Build Command(s):/usr/bin/gmake -f Makefile cmTC_fa189/fast && /usr/bin/gmake  -f CMakeFiles/cmTC_fa189.dir/build.make CMakeFiles/cmTC_fa189.dir/build
gmake[1]: 进入目录“/home/ljk/Test/libpcap-1.9.1/build/CMakeFiles/CMakeTmp”
Building C object CMakeFiles/cmTC_fa189.dir/src.c.o
/usr/bin/cc -DHAVE_LINUX_GETNETBYNAME_R   -o CMakeFiles/cmTC_fa189.dir/src.c.o -c /home/ljk/Test/libpcap-1.9.1/build/CMakeFiles/CMakeTmp/src.c
Linking C executable cmTC_fa189
/usr/bin/cmake -E cmake_link_script CMakeFiles/cmTC_fa189.dir/link.txt --verbose=1
/usr/bin/cc -rdynamic CMakeFiles/cmTC_fa189.dir/src.c.o -o cmTC_fa189 
gmake[1]: 离开目录“/home/ljk/Test/libpcap-1.9.1/build/CMakeFiles/CMakeTmp”


Source file was:
#include <netdb.h>

int
main(void)
{
    struct netent netent_buf;
    char buf[1024];
    struct netent *resultp;
    int h_errnoval;

    return getnetbyname_r((const char *)0, &netent_buf, buf, sizeof buf, &resultp, &h_errnoval);
}

Determining if the getprotobyname_r exist passed with the following output:
Change Dir: /home/ljk/Test/libpcap-1.9.1/build/CMakeFiles/CMakeTmp

Run Build Command(s):/usr/bin/gmake -f Makefile cmTC_89bc7/fast && /usr/bin/gmake  -f CMakeFiles/cmTC_89bc7.dir/build.make CMakeFiles/cmTC_89bc7.dir/build
gmake[1]: 进入目录“/home/ljk/Test/libpcap-1.9.1/build/CMakeFiles/CMakeTmp”
Building C object CMakeFiles/cmTC_89bc7.dir/CheckSymbolExists.c.o
/usr/bin/cc    -o CMakeFiles/cmTC_89bc7.dir/CheckSymbolExists.c.o -c /home/ljk/Test/libpcap-1.9.1/build/CMakeFiles/CMakeTmp/CheckSymbolExists.c
Linking C executable cmTC_89bc7
/usr/bin/cmake -E cmake_link_script CMakeFiles/cmTC_89bc7.dir/link.txt --verbose=1
/usr/bin/cc -rdynamic CMakeFiles/cmTC_89bc7.dir/CheckSymbolExists.c.o -o cmTC_89bc7 
gmake[1]: 离开目录“/home/ljk/Test/libpcap-1.9.1/build/CMakeFiles/CMakeTmp”


File /home/ljk/Test/libpcap-1.9.1/build/CMakeFiles/CMakeTmp/CheckSymbolExists.c:
/* */
#include <netdb.h>

int main(int argc, char** argv)
{
  (void)argv;
#ifndef getprotobyname_r
  return ((int*)(&getprotobyname_r))[argc];
#else
  (void)argc;
  return 0;
#endif
}
Performing C SOURCE FILE Test HAVE_LINUX_GETPROTOBYNAME_R succeeded with the following output:
Change Dir: /home/ljk/Test/libpcap-1.9.1/build/CMakeFiles/CMakeTmp

Run Build Command(s):/usr/bin/gmake -f Makefile cmTC_61bed/fast && /usr/bin/gmake  -f CMakeFiles/cmTC_61bed.dir/build.make CMakeFiles/cmTC_61bed.dir/build
gmake[1]: 进入目录“/home/ljk/Test/libpcap-1.9.1/build/CMakeFiles/CMakeTmp”
Building C object CMakeFiles/cmTC_61bed.dir/src.c.o
/usr/bin/cc -DHAVE_LINUX_GETPROTOBYNAME_R   -o CMakeFiles/cmTC_61bed.dir/src.c.o -c /home/ljk/Test/libpcap-1.9.1/build/CMakeFiles/CMakeTmp/src.c
Linking C executable cmTC_61bed
/usr/bin/cmake -E cmake_link_script CMakeFiles/cmTC_61bed.dir/link.txt --verbose=1
/usr/bin/cc -rdynamic CMakeFiles/cmTC_61bed.dir/src.c.o -o cmTC_61bed 
gmake[1]: 离开目录“/home/ljk/Test/libpcap-1.9.1/build/CMakeFiles/CMakeTmp”


Source file was:
#include <netdb.h>

int
main(void)
{
    struct protoent protoent_buf;
    char buf[1024];
    struct protoent *resultp;

    return getprotobyname_r((const char *)0, &protoent_buf, buf, sizeof buf, &resultp);
}

Determining if the include file sys/types.h exists passed with the following output:
Change Dir: /home/ljk/Test/libpcap-1.9.1/build/CMakeFiles/CMakeTmp

Run Build Command(s):/usr/bin/gmake -f Makefile cmTC_2062a/fast && /usr/bin/gmake  -f CMakeFiles/cmTC_2062a.dir/build.make CMakeFiles/cmTC_2062a.dir/build
gmake[1]: 进入目录“/home/ljk/Test/libpcap-1.9.1/build/CMakeFiles/CMakeTmp”
Building C object CMakeFiles/cmTC_2062a.dir/CheckIncludeFile.c.o
/usr/bin/cc    -o CMakeFiles/cmTC_2062a.dir/CheckIncludeFile.c.o -c /home/ljk/Test/libpcap-1.9.1/build/CMakeFiles/CMakeTmp/CheckIncludeFile.c
Linking C executable cmTC_2062a
/usr/bin/cmake -E cmake_link_script CMakeFiles/cmTC_2062a.dir/link.txt --verbose=1
/usr/bin/cc -rdynamic CMakeFiles/cmTC_2062a.dir/CheckIncludeFile.c.o -o cmTC_2062a 
gmake[1]: 离开目录“/home/ljk/Test/libpcap-1.9.1/build/CMakeFiles/CMakeTmp”



Determining if the include file stddef.h exists passed with the following output:
Change Dir: /home/ljk/Test/libpcap-1.9.1/build/CMakeFiles/CMakeTmp

Run Build Command(s):/usr/bin/gmake -f Makefile cmTC_7208d/fast && /usr/bin/gmake  -f CMakeFiles/cmTC_7208d.dir/build.make CMakeFiles/cmTC_7208d.dir/build
gmake[1]: 进入目录“/home/ljk/Test/libpcap-1.9.1/build/CMakeFiles/CMakeTmp”
Building C object CMakeFiles/cmTC_7208d.dir/CheckIncludeFile.c.o
/usr/bin/cc    -o CMakeFiles/cmTC_7208d.dir/CheckIncludeFile.c.o -c /home/ljk/Test/libpcap-1.9.1/build/CMakeFiles/CMakeTmp/CheckIncludeFile.c
Linking C executable cmTC_7208d
/usr/bin/cmake -E cmake_link_script CMakeFiles/cmTC_7208d.dir/link.txt --verbose=1
/usr/bin/cc -rdynamic CMakeFiles/cmTC_7208d.dir/CheckIncludeFile.c.o -o cmTC_7208d 
gmake[1]: 离开目录“/home/ljk/Test/libpcap-1.9.1/build/CMakeFiles/CMakeTmp”



Determining size of struct sockaddr_storage passed with the following output:
Change Dir: /home/ljk/Test/libpcap-1.9.1/build/CMakeFiles/CMakeTmp

Run Build Command(s):/usr/bin/gmake -f Makefile cmTC_ad960/fast && /usr/bin/gmake  -f CMakeFiles/cmTC_ad960.dir/build.make CMakeFiles/cmTC_ad960.dir/build
gmake[1]: 进入目录“/home/ljk/Test/libpcap-1.9.1/build/CMakeFiles/CMakeTmp”
Building C object CMakeFiles/cmTC_ad960.dir/STRUCT_SOCKADDR_STORAGE.c.o
/usr/bin/cc    -o CMakeFiles/cmTC_ad960.dir/STRUCT_SOCKADDR_STORAGE.c.o -c /home/ljk/Test/libpcap-1.9.1/build/CMakeFiles/CheckTypeSize/STRUCT_SOCKADDR_STORAGE.c
Linking C executable cmTC_ad960
/usr/bin/cmake -E cmake_link_script CMakeFiles/cmTC_ad960.dir/link.txt --verbose=1
/usr/bin/cc -rdynamic CMakeFiles/cmTC_ad960.dir/STRUCT_SOCKADDR_STORAGE.c.o -o cmTC_ad960 
gmake[1]: 离开目录“/home/ljk/Test/libpcap-1.9.1/build/CMakeFiles/CMakeTmp”



Determining size of socklen_t passed with the following output:
Change Dir: /home/ljk/Test/libpcap-1.9.1/build/CMakeFiles/CMakeTmp

Run Build Command(s):/usr/bin/gmake -f Makefile cmTC_5ec0f/fast && /usr/bin/gmake  -f CMakeFiles/cmTC_5ec0f.dir/build.make CMakeFiles/cmTC_5ec0f.dir/build
gmake[1]: 进入目录“/home/ljk/Test/libpcap-1.9.1/build/CMakeFiles/CMakeTmp”
Building C object CMakeFiles/cmTC_5ec0f.dir/SOCKLEN_T.c.o
/usr/bin/cc    -o CMakeFiles/cmTC_5ec0f.dir/SOCKLEN_T.c.o -c /home/ljk/Test/libpcap-1.9.1/build/CMakeFiles/CheckTypeSize/SOCKLEN_T.c
Linking C executable cmTC_5ec0f
/usr/bin/cmake -E cmake_link_script CMakeFiles/cmTC_5ec0f.dir/link.txt --verbose=1
/usr/bin/cc -rdynamic CMakeFiles/cmTC_5ec0f.dir/SOCKLEN_T.c.o -o cmTC_5ec0f 
gmake[1]: 离开目录“/home/ljk/Test/libpcap-1.9.1/build/CMakeFiles/CMakeTmp”



Determining if the function ffs exists passed with the following output:
Change Dir: /home/ljk/Test/libpcap-1.9.1/build/CMakeFiles/CMakeTmp

Run Build Command(s):/usr/bin/gmake -f Makefile cmTC_7a0fc/fast && /usr/bin/gmake  -f CMakeFiles/cmTC_7a0fc.dir/build.make CMakeFiles/cmTC_7a0fc.dir/build
gmake[1]: 进入目录“/home/ljk/Test/libpcap-1.9.1/build/CMakeFiles/CMakeTmp”
Building C object CMakeFiles/cmTC_7a0fc.dir/CheckFunctionExists.c.o
/usr/bin/cc   -DCHECK_FUNCTION_EXISTS=ffs -o CMakeFiles/cmTC_7a0fc.dir/CheckFunctionExists.c.o -c /usr/share/cmake-3.22/Modules/CheckFunctionExists.c
<command-line>: warning: conflicting types for built-in function ‘ffs’; expected ‘int(int)’ [-Wbuiltin-declaration-mismatch]
/usr/share/cmake-3.22/Modules/CheckFunctionExists.c:7:3: note: in expansion of macro ‘CHECK_FUNCTION_EXISTS’
    7 |   CHECK_FUNCTION_EXISTS(void);
      |   ^~~~~~~~~~~~~~~~~~~~~
Linking C executable cmTC_7a0fc
/usr/bin/cmake -E cmake_link_script CMakeFiles/cmTC_7a0fc.dir/link.txt --verbose=1
/usr/bin/cc  -DCHECK_FUNCTION_EXISTS=ffs -rdynamic CMakeFiles/cmTC_7a0fc.dir/CheckFunctionExists.c.o -o cmTC_7a0fc 
gmake[1]: 离开目录“/home/ljk/Test/libpcap-1.9.1/build/CMakeFiles/CMakeTmp”



Determining if the ffs exist passed with the following output:
Change Dir: /home/ljk/Test/libpcap-1.9.1/build/CMakeFiles/CMakeTmp

Run Build Command(s):/usr/bin/gmake -f Makefile cmTC_eb59b/fast && /usr/bin/gmake  -f CMakeFiles/cmTC_eb59b.dir/build.make CMakeFiles/cmTC_eb59b.dir/build
gmake[1]: 进入目录“/home/ljk/Test/libpcap-1.9.1/build/CMakeFiles/CMakeTmp”
Building C object CMakeFiles/cmTC_eb59b.dir/CheckSymbolExists.c.o
/usr/bin/cc    -o CMakeFiles/cmTC_eb59b.dir/CheckSymbolExists.c.o -c /home/ljk/Test/libpcap-1.9.1/build/CMakeFiles/CMakeTmp/CheckSymbolExists.c
Linking C executable cmTC_eb59b
/usr/bin/cmake -E cmake_link_script CMakeFiles/cmTC_eb59b.dir/link.txt --verbose=1
/usr/bin/cc -rdynamic CMakeFiles/cmTC_eb59b.dir/CheckSymbolExists.c.o -o cmTC_eb59b 
gmake[1]: 离开目录“/home/ljk/Test/libpcap-1.9.1/build/CMakeFiles/CMakeTmp”


File /home/ljk/Test/libpcap-1.9.1/build/CMakeFiles/CMakeTmp/CheckSymbolExists.c:
/* */
#include <strings.h>

int main(int argc, char** argv)
{
  (void)argv;
#ifndef ffs
  return ((int*)(&ffs))[argc];
#else
  (void)argc;
  return 0;
#endif
}
Determining if the function ether_hostton exists passed with the following output:
Change Dir: /home/ljk/Test/libpcap-1.9.1/build/CMakeFiles/CMakeTmp

Run Build Command(s):/usr/bin/gmake -f Makefile cmTC_51121/fast && /usr/bin/gmake  -f CMakeFiles/cmTC_51121.dir/build.make CMakeFiles/cmTC_51121.dir/build
gmake[1]: 进入目录“/home/ljk/Test/libpcap-1.9.1/build/CMakeFiles/CMakeTmp”
Building C object CMakeFiles/cmTC_51121.dir/CheckFunctionExists.c.o
/usr/bin/cc   -DCHECK_FUNCTION_EXISTS=ether_hostton -o CMakeFiles/cmTC_51121.dir/CheckFunctionExists.c.o -c /usr/share/cmake-3.22/Modules/CheckFunctionExists.c
Linking C executable cmTC_51121
/usr/bin/cmake -E cmake_link_script CMakeFiles/cmTC_51121.dir/link.txt --verbose=1
/usr/bin/cc  -DCHECK_FUNCTION_EXISTS=ether_hostton -rdynamic CMakeFiles/cmTC_51121.dir/CheckFunctionExists.c.o -o cmTC_51121 
gmake[1]: 离开目录“/home/ljk/Test/libpcap-1.9.1/build/CMakeFiles/CMakeTmp”



Determining if the ether_hostton exist passed with the following output:
Change Dir: /home/ljk/Test/libpcap-1.9.1/build/CMakeFiles/CMakeTmp

Run Build Command(s):/usr/bin/gmake -f Makefile cmTC_1b992/fast && /usr/bin/gmake  -f CMakeFiles/cmTC_1b992.dir/build.make CMakeFiles/cmTC_1b992.dir/build
gmake[1]: 进入目录“/home/ljk/Test/libpcap-1.9.1/build/CMakeFiles/CMakeTmp”
Building C object CMakeFiles/cmTC_1b992.dir/CheckSymbolExists.c.o
/usr/bin/cc    -o CMakeFiles/cmTC_1b992.dir/CheckSymbolExists.c.o -c /home/ljk/Test/libpcap-1.9.1/build/CMakeFiles/CMakeTmp/CheckSymbolExists.c
Linking C executable cmTC_1b992
/usr/bin/cmake -E cmake_link_script CMakeFiles/cmTC_1b992.dir/link.txt --verbose=1
/usr/bin/cc -rdynamic CMakeFiles/cmTC_1b992.dir/CheckSymbolExists.c.o -o cmTC_1b992 
gmake[1]: 离开目录“/home/ljk/Test/libpcap-1.9.1/build/CMakeFiles/CMakeTmp”


File /home/ljk/Test/libpcap-1.9.1/build/CMakeFiles/CMakeTmp/CheckSymbolExists.c:
/* */
#include <netinet/ether.h>

int main(int argc, char** argv)
{
  (void)argv;
#ifndef ether_hostton
  return ((int*)(&ether_hostton))[argc];
#else
  (void)argc;
  return 0;
#endif
}
Performing C SOURCE FILE Test lfs_native succeeded with the following output:
Change Dir: /home/ljk/Test/libpcap-1.9.1/build/CMakeFiles/CMakeTmp

Run Build Command(s):/usr/bin/gmake -f Makefile cmTC_b95fc/fast && /usr/bin/gmake  -f CMakeFiles/cmTC_b95fc.dir/build.make CMakeFiles/cmTC_b95fc.dir/build
gmake[1]: 进入目录“/home/ljk/Test/libpcap-1.9.1/build/CMakeFiles/CMakeTmp”
Building C object CMakeFiles/cmTC_b95fc.dir/src.c.o
/usr/bin/cc -Dlfs_native   -o CMakeFiles/cmTC_b95fc.dir/src.c.o -c /home/ljk/Test/libpcap-1.9.1/build/CMakeFiles/CMakeTmp/src.c
Linking C executable cmTC_b95fc
/usr/bin/cmake -E cmake_link_script CMakeFiles/cmTC_b95fc.dir/link.txt --verbose=1
/usr/bin/cc -rdynamic CMakeFiles/cmTC_b95fc.dir/src.c.o -o cmTC_b95fc 
gmake[1]: 离开目录“/home/ljk/Test/libpcap-1.9.1/build/CMakeFiles/CMakeTmp”


Source file was:

    #include <sys/types.h>
    typedef char my_static_assert[sizeof(off_t) >= 8 ? 1 : -1];
    int main(void) { return 0; }
    
Determining if the fseeko exist passed with the following output:
Change Dir: /home/ljk/Test/libpcap-1.9.1/build/CMakeFiles/CMakeTmp

Run Build Command(s):/usr/bin/gmake -f Makefile cmTC_25a7b/fast && /usr/bin/gmake  -f CMakeFiles/cmTC_25a7b.dir/build.make CMakeFiles/cmTC_25a7b.dir/build
gmake[1]: 进入目录“/home/ljk/Test/libpcap-1.9.1/build/CMakeFiles/CMakeTmp”
Building C object CMakeFiles/cmTC_25a7b.dir/CheckSymbolExists.c.o
/usr/bin/cc    -o CMakeFiles/cmTC_25a7b.dir/CheckSymbolExists.c.o -c /home/ljk/Test/libpcap-1.9.1/build/CMakeFiles/CMakeTmp/CheckSymbolExists.c
Linking C executable cmTC_25a7b
/usr/bin/cmake -E cmake_link_script CMakeFiles/cmTC_25a7b.dir/link.txt --verbose=1
/usr/bin/cc -rdynamic CMakeFiles/cmTC_25a7b.dir/CheckSymbolExists.c.o -o cmTC_25a7b 
gmake[1]: 离开目录“/home/ljk/Test/libpcap-1.9.1/build/CMakeFiles/CMakeTmp”


File /home/ljk/Test/libpcap-1.9.1/build/CMakeFiles/CMakeTmp/CheckSymbolExists.c:
/* */
#include <stdio.h>

int main(int argc, char** argv)
{
  (void)argv;
#ifndef fseeko
  return ((int*)(&fseeko))[argc];
#else
  (void)argc;
  return 0;
#endif
}
Determining if the include file pthread.h exists passed with the following output:
Change Dir: /home/ljk/Test/libpcap-1.9.1/build/CMakeFiles/CMakeTmp

Run Build Command(s):/usr/bin/gmake -f Makefile cmTC_1f128/fast && /usr/bin/gmake  -f CMakeFiles/cmTC_1f128.dir/build.make CMakeFiles/cmTC_1f128.dir/build
gmake[1]: 进入目录“/home/ljk/Test/libpcap-1.9.1/build/CMakeFiles/CMakeTmp”
Building C object CMakeFiles/cmTC_1f128.dir/CheckIncludeFile.c.o
/usr/bin/cc    -o CMakeFiles/cmTC_1f128.dir/CheckIncludeFile.c.o -c /home/ljk/Test/libpcap-1.9.1/build/CMakeFiles/CMakeTmp/CheckIncludeFile.c
Linking C executable cmTC_1f128
/usr/bin/cmake -E cmake_link_script CMakeFiles/cmTC_1f128.dir/link.txt --verbose=1
/usr/bin/cc -rdynamic CMakeFiles/cmTC_1f128.dir/CheckIncludeFile.c.o -o cmTC_1f128 
gmake[1]: 离开目录“/home/ljk/Test/libpcap-1.9.1/build/CMakeFiles/CMakeTmp”



Performing C SOURCE FILE Test CMAKE_HAVE_LIBC_PTHREAD succeeded with the following output:
Change Dir: /home/ljk/Test/libpcap-1.9.1/build/CMakeFiles/CMakeTmp

Run Build Command(s):/usr/bin/gmake -f Makefile cmTC_19cef/fast && /usr/bin/gmake  -f CMakeFiles/cmTC_19cef.dir/build.make CMakeFiles/cmTC_19cef.dir/build
gmake[1]: 进入目录“/home/ljk/Test/libpcap-1.9.1/build/CMakeFiles/CMakeTmp”
Building C object CMakeFiles/cmTC_19cef.dir/src.c.o
/usr/bin/cc -DCMAKE_HAVE_LIBC_PTHREAD   -o CMakeFiles/cmTC_19cef.dir/src.c.o -c /home/ljk/Test/libpcap-1.9.1/build/CMakeFiles/CMakeTmp/src.c
Linking C executable cmTC_19cef
/usr/bin/cmake -E cmake_link_script CMakeFiles/cmTC_19cef.dir/link.txt --verbose=1
/usr/bin/cc -rdynamic CMakeFiles/cmTC_19cef.dir/src.c.o -o cmTC_19cef 
gmake[1]: 离开目录“/home/ljk/Test/libpcap-1.9.1/build/CMakeFiles/CMakeTmp”


Source file was:
#include <pthread.h>

static void* test_func(void* data)
{
  return data;
}

int main(void)
{
  pthread_t thread;
  pthread_create(&thread, NULL, test_func, NULL);
  pthread_detach(thread);
  pthread_cancel(thread);
  pthread_join(thread, NULL);
  pthread_atfork(NULL, NULL, NULL);
  pthread_exit(NULL);

  return 0;
}

Determining if the include file linux/socket.h exists passed with the following output:
Change Dir: /home/ljk/Test/libpcap-1.9.1/build/CMakeFiles/CMakeTmp

Run Build Command(s):/usr/bin/gmake -f Makefile cmTC_65c07/fast && /usr/bin/gmake  -f CMakeFiles/cmTC_65c07.dir/build.make CMakeFiles/cmTC_65c07.dir/build
gmake[1]: 进入目录“/home/ljk/Test/libpcap-1.9.1/build/CMakeFiles/CMakeTmp”
Building C object CMakeFiles/cmTC_65c07.dir/CheckIncludeFile.c.o
/usr/bin/cc    -o CMakeFiles/cmTC_65c07.dir/CheckIncludeFile.c.o -c /home/ljk/Test/libpcap-1.9.1/build/CMakeFiles/CMakeTmp/CheckIncludeFile.c
Linking C executable cmTC_65c07
/usr/bin/cmake -E cmake_link_script CMakeFiles/cmTC_65c07.dir/link.txt --verbose=1
/usr/bin/cc -rdynamic CMakeFiles/cmTC_65c07.dir/CheckIncludeFile.c.o -o cmTC_65c07 
gmake[1]: 离开目录“/home/ljk/Test/libpcap-1.9.1/build/CMakeFiles/CMakeTmp”



Determining if files sys/socket.h;linux/wireless.h exist passed with the following output:
Change Dir: /home/ljk/Test/libpcap-1.9.1/build/CMakeFiles/CMakeTmp

Run Build Command(s):/usr/bin/gmake -f Makefile cmTC_c468c/fast && /usr/bin/gmake  -f CMakeFiles/cmTC_c468c.dir/build.make CMakeFiles/cmTC_c468c.dir/build
gmake[1]: 进入目录“/home/ljk/Test/libpcap-1.9.1/build/CMakeFiles/CMakeTmp”
Building C object CMakeFiles/cmTC_c468c.dir/HAVE_LINUX_WIRELESS_H.c.o
/usr/bin/cc    -o CMakeFiles/cmTC_c468c.dir/HAVE_LINUX_WIRELESS_H.c.o -c /home/ljk/Test/libpcap-1.9.1/build/CMakeFiles/CheckIncludeFiles/HAVE_LINUX_WIRELESS_H.c
Linking C executable cmTC_c468c
/usr/bin/cmake -E cmake_link_script CMakeFiles/cmTC_c468c.dir/link.txt --verbose=1
/usr/bin/cc -rdynamic CMakeFiles/cmTC_c468c.dir/HAVE_LINUX_WIRELESS_H.c.o -o cmTC_c468c 
gmake[1]: 离开目录“/home/ljk/Test/libpcap-1.9.1/build/CMakeFiles/CMakeTmp”



Determining if the include file linux/ethtool.h exists passed with the following output:
Change Dir: /home/ljk/Test/libpcap-1.9.1/build/CMakeFiles/CMakeTmp

Run Build Command(s):/usr/bin/gmake -f Makefile cmTC_a135a/fast && /usr/bin/gmake  -f CMakeFiles/cmTC_a135a.dir/build.make CMakeFiles/cmTC_a135a.dir/build
gmake[1]: 进入目录“/home/ljk/Test/libpcap-1.9.1/build/CMakeFiles/CMakeTmp”
Building C object CMakeFiles/cmTC_a135a.dir/CheckIncludeFile.c.o
/usr/bin/cc    -o CMakeFiles/cmTC_a135a.dir/CheckIncludeFile.c.o -c /home/ljk/Test/libpcap-1.9.1/build/CMakeFiles/CMakeTmp/CheckIncludeFile.c
Linking C executable cmTC_a135a
/usr/bin/cmake -E cmake_link_script CMakeFiles/cmTC_a135a.dir/link.txt --verbose=1
/usr/bin/cc -rdynamic CMakeFiles/cmTC_a135a.dir/CheckIncludeFile.c.o -o cmTC_a135a 
gmake[1]: 离开目录“/home/ljk/Test/libpcap-1.9.1/build/CMakeFiles/CMakeTmp”



Determining size of struct tpacket_stats passed with the following output:
Change Dir: /home/ljk/Test/libpcap-1.9.1/build/CMakeFiles/CMakeTmp

Run Build Command(s):/usr/bin/gmake -f Makefile cmTC_bf309/fast && /usr/bin/gmake  -f CMakeFiles/cmTC_bf309.dir/build.make CMakeFiles/cmTC_bf309.dir/build
gmake[1]: 进入目录“/home/ljk/Test/libpcap-1.9.1/build/CMakeFiles/CMakeTmp”
Building C object CMakeFiles/cmTC_bf309.dir/STRUCT_TPACKET_STATS.c.o
/usr/bin/cc    -o CMakeFiles/cmTC_bf309.dir/STRUCT_TPACKET_STATS.c.o -c /home/ljk/Test/libpcap-1.9.1/build/CMakeFiles/CheckTypeSize/STRUCT_TPACKET_STATS.c
Linking C executable cmTC_bf309
/usr/bin/cmake -E cmake_link_script CMakeFiles/cmTC_bf309.dir/link.txt --verbose=1
/usr/bin/cc -rdynamic CMakeFiles/cmTC_bf309.dir/STRUCT_TPACKET_STATS.c.o -o cmTC_bf309 
gmake[1]: 离开目录“/home/ljk/Test/libpcap-1.9.1/build/CMakeFiles/CMakeTmp”



Performing C SOURCE FILE Test HAVE_STRUCT_TPACKET_AUXDATA_TP_VLAN_TCI succeeded with the following output:
Change Dir: /home/ljk/Test/libpcap-1.9.1/build/CMakeFiles/CMakeTmp

Run Build Command(s):/usr/bin/gmake -f Makefile cmTC_02e84/fast && /usr/bin/gmake  -f CMakeFiles/cmTC_02e84.dir/build.make CMakeFiles/cmTC_02e84.dir/build
gmake[1]: 进入目录“/home/ljk/Test/libpcap-1.9.1/build/CMakeFiles/CMakeTmp”
Building C object CMakeFiles/cmTC_02e84.dir/src.c.o
/usr/bin/cc -DHAVE_STRUCT_TPACKET_AUXDATA_TP_VLAN_TCI   -o CMakeFiles/cmTC_02e84.dir/src.c.o -c /home/ljk/Test/libpcap-1.9.1/build/CMakeFiles/CMakeTmp/src.c
Linking C executable cmTC_02e84
/usr/bin/cmake -E cmake_link_script CMakeFiles/cmTC_02e84.dir/link.txt --verbose=1
/usr/bin/cc -rdynamic CMakeFiles/cmTC_02e84.dir/src.c.o -o cmTC_02e84 
gmake[1]: 离开目录“/home/ljk/Test/libpcap-1.9.1/build/CMakeFiles/CMakeTmp”


Source file was:

#include <linux/if_packet.h>

int main()
{
  (void)sizeof(((struct tpacket_auxdata *)0)->tp_vlan_tci);
  return 0;
}

Determining if the function getifaddrs exists passed with the following output:
Change Dir: /home/ljk/Test/libpcap-1.9.1/build/CMakeFiles/CMakeTmp

Run Build Command(s):/usr/bin/gmake -f Makefile cmTC_b6743/fast && /usr/bin/gmake  -f CMakeFiles/cmTC_b6743.dir/build.make CMakeFiles/cmTC_b6743.dir/build
gmake[1]: 进入目录“/home/ljk/Test/libpcap-1.9.1/build/CMakeFiles/CMakeTmp”
Building C object CMakeFiles/cmTC_b6743.dir/CheckFunctionExists.c.o
/usr/bin/cc   -DCHECK_FUNCTION_EXISTS=getifaddrs -o CMakeFiles/cmTC_b6743.dir/CheckFunctionExists.c.o -c /usr/share/cmake-3.22/Modules/CheckFunctionExists.c
Linking C executable cmTC_b6743
/usr/bin/cmake -E cmake_link_script CMakeFiles/cmTC_b6743.dir/link.txt --verbose=1
/usr/bin/cc  -DCHECK_FUNCTION_EXISTS=getifaddrs -rdynamic CMakeFiles/cmTC_b6743.dir/CheckFunctionExists.c.o -o cmTC_b6743 
gmake[1]: 离开目录“/home/ljk/Test/libpcap-1.9.1/build/CMakeFiles/CMakeTmp”



Determining if files sys/types.h;ifaddrs.h exist passed with the following output:
Change Dir: /home/ljk/Test/libpcap-1.9.1/build/CMakeFiles/CMakeTmp

Run Build Command(s):/usr/bin/gmake -f Makefile cmTC_0f8b2/fast && /usr/bin/gmake  -f CMakeFiles/cmTC_0f8b2.dir/build.make CMakeFiles/cmTC_0f8b2.dir/build
gmake[1]: 进入目录“/home/ljk/Test/libpcap-1.9.1/build/CMakeFiles/CMakeTmp”
Building C object CMakeFiles/cmTC_0f8b2.dir/HAVE_IFADDRS_H.c.o
/usr/bin/cc    -o CMakeFiles/cmTC_0f8b2.dir/HAVE_IFADDRS_H.c.o -c /home/ljk/Test/libpcap-1.9.1/build/CMakeFiles/CheckIncludeFiles/HAVE_IFADDRS_H.c
Linking C executable cmTC_0f8b2
/usr/bin/cmake -E cmake_link_script CMakeFiles/cmTC_0f8b2.dir/link.txt --verbose=1
/usr/bin/cc -rdynamic CMakeFiles/cmTC_0f8b2.dir/HAVE_IFADDRS_H.c.o -o cmTC_0f8b2 
gmake[1]: 离开目录“/home/ljk/Test/libpcap-1.9.1/build/CMakeFiles/CMakeTmp”



Determining if the include file linux/net_tstamp.h exists passed with the following output:
Change Dir: /home/ljk/Test/libpcap-1.9.1/build/CMakeFiles/CMakeTmp

Run Build Command(s):/usr/bin/gmake -f Makefile cmTC_e76f3/fast && /usr/bin/gmake  -f CMakeFiles/cmTC_e76f3.dir/build.make CMakeFiles/cmTC_e76f3.dir/build
gmake[1]: 进入目录“/home/ljk/Test/libpcap-1.9.1/build/CMakeFiles/CMakeTmp”
Building C object CMakeFiles/cmTC_e76f3.dir/CheckIncludeFile.c.o
/usr/bin/cc    -o CMakeFiles/cmTC_e76f3.dir/CheckIncludeFile.c.o -c /home/ljk/Test/libpcap-1.9.1/build/CMakeFiles/CMakeTmp/CheckIncludeFile.c
Linking C executable cmTC_e76f3
/usr/bin/cmake -E cmake_link_script CMakeFiles/cmTC_e76f3.dir/link.txt --verbose=1
/usr/bin/cc -rdynamic CMakeFiles/cmTC_e76f3.dir/CheckIncludeFile.c.o -o cmTC_e76f3 
gmake[1]: 离开目录“/home/ljk/Test/libpcap-1.9.1/build/CMakeFiles/CMakeTmp”



Determining if files linux/usbdevice_fs.h exist passed with the following output:
Change Dir: /home/ljk/Test/libpcap-1.9.1/build/CMakeFiles/CMakeTmp

Run Build Command(s):/usr/bin/gmake -f Makefile cmTC_6c1e1/fast && /usr/bin/gmake  -f CMakeFiles/cmTC_6c1e1.dir/build.make CMakeFiles/cmTC_6c1e1.dir/build
gmake[1]: 进入目录“/home/ljk/Test/libpcap-1.9.1/build/CMakeFiles/CMakeTmp”
Building C object CMakeFiles/cmTC_6c1e1.dir/HAVE_LINUX_USBDEVICE_FS_H.c.o
/usr/bin/cc    -o CMakeFiles/cmTC_6c1e1.dir/HAVE_LINUX_USBDEVICE_FS_H.c.o -c /home/ljk/Test/libpcap-1.9.1/build/CMakeFiles/CheckIncludeFiles/HAVE_LINUX_USBDEVICE_FS_H.c
Linking C executable cmTC_6c1e1
/usr/bin/cmake -E cmake_link_script CMakeFiles/cmTC_6c1e1.dir/link.txt --verbose=1
/usr/bin/cc -rdynamic CMakeFiles/cmTC_6c1e1.dir/HAVE_LINUX_USBDEVICE_FS_H.c.o -o cmTC_6c1e1 
gmake[1]: 离开目录“/home/ljk/Test/libpcap-1.9.1/build/CMakeFiles/CMakeTmp”



Performing C SOURCE FILE Test HAVE_STRUCT_USBDEVFS_CTRLTRANSFER_BREQUESTTYPE succeeded with the following output:
Change Dir: /home/ljk/Test/libpcap-1.9.1/build/CMakeFiles/CMakeTmp

Run Build Command(s):/usr/bin/gmake -f Makefile cmTC_11824/fast && /usr/bin/gmake  -f CMakeFiles/cmTC_11824.dir/build.make CMakeFiles/cmTC_11824.dir/build
gmake[1]: 进入目录“/home/ljk/Test/libpcap-1.9.1/build/CMakeFiles/CMakeTmp”
Building C object CMakeFiles/cmTC_11824.dir/src.c.o
/usr/bin/cc -DHAVE_STRUCT_USBDEVFS_CTRLTRANSFER_BREQUESTTYPE   -o CMakeFiles/cmTC_11824.dir/src.c.o -c /home/ljk/Test/libpcap-1.9.1/build/CMakeFiles/CMakeTmp/src.c
Linking C executable cmTC_11824
/usr/bin/cmake -E cmake_link_script CMakeFiles/cmTC_11824.dir/link.txt --verbose=1
/usr/bin/cc -rdynamic CMakeFiles/cmTC_11824.dir/src.c.o -o cmTC_11824 
gmake[1]: 离开目录“/home/ljk/Test/libpcap-1.9.1/build/CMakeFiles/CMakeTmp”


Source file was:

#include <linux/usbdevice_fs.h>

int main()
{
  (void)sizeof(((struct usbdevfs_ctrltransfer *)0)->bRequestType);
  return 0;
}

Performing C SOURCE FILE Test PCAP_SUPPORT_NETFILTER succeeded with the following output:
Change Dir: /home/ljk/Test/libpcap-1.9.1/build/CMakeFiles/CMakeTmp

Run Build Command(s):/usr/bin/gmake -f Makefile cmTC_3e08a/fast && /usr/bin/gmake  -f CMakeFiles/cmTC_3e08a.dir/build.make CMakeFiles/cmTC_3e08a.dir/build
gmake[1]: 进入目录“/home/ljk/Test/libpcap-1.9.1/build/CMakeFiles/CMakeTmp”
Building C object CMakeFiles/cmTC_3e08a.dir/src.c.o
/usr/bin/cc -DPCAP_SUPPORT_NETFILTER   -o CMakeFiles/cmTC_3e08a.dir/src.c.o -c /home/ljk/Test/libpcap-1.9.1/build/CMakeFiles/CMakeTmp/src.c
Linking C executable cmTC_3e08a
/usr/bin/cmake -E cmake_link_script CMakeFiles/cmTC_3e08a.dir/link.txt --verbose=1
/usr/bin/cc -rdynamic CMakeFiles/cmTC_3e08a.dir/src.c.o -o cmTC_3e08a 
gmake[1]: 离开目录“/home/ljk/Test/libpcap-1.9.1/build/CMakeFiles/CMakeTmp”


Source file was:
#include <sys/socket.h>
#include <netinet/in.h>
#include <linux/types.h>

#include <linux/netlink.h>
#include <linux/netfilter.h>
#include <linux/netfilter/nfnetlink.h>
#include <linux/netfilter/nfnetlink_log.h>
#include <linux/netfilter/nfnetlink_queue.h>

int
main(void)
{
    return 0;
}

Performing C SOURCE FILE Test fvisibility-hidden succeeded with the following output:
Change Dir: /home/ljk/Test/libpcap-1.9.1/build/CMakeFiles/CMakeTmp

Run Build Command(s):/usr/bin/gmake -f Makefile cmTC_ae30a/fast && /usr/bin/gmake  -f CMakeFiles/cmTC_ae30a.dir/build.make CMakeFiles/cmTC_ae30a.dir/build
gmake[1]: Entering directory '/home/ljk/Test/libpcap-1.9.1/build/CMakeFiles/CMakeTmp'
Building C object CMakeFiles/cmTC_ae30a.dir/src.c.o
/usr/bin/cc   -Dfvisibility-hidden -fvisibility=hidden -o CMakeFiles/cmTC_ae30a.dir/src.c.o -c /home/ljk/Test/libpcap-1.9.1/build/CMakeFiles/CMakeTmp/src.c
<command-line>: warning: ISO C99 requires whitespace after the macro name
Linking C executable cmTC_ae30a
/usr/bin/cmake -E cmake_link_script CMakeFiles/cmTC_ae30a.dir/link.txt --verbose=1
/usr/bin/cc -rdynamic CMakeFiles/cmTC_ae30a.dir/src.c.o -o cmTC_ae30a 
gmake[1]: Leaving directory '/home/ljk/Test/libpcap-1.9.1/build/CMakeFiles/CMakeTmp'


Source file was:
int main(void) { return 0; }
